{"/Users/nweeden/Desktop/Rithm/Rithm_Exercises/Jobly/express-jobly/app.js": {"path":"/Users/nweeden/Desktop/Rithm/Rithm_Exercises/Jobly/express-jobly/app.js","statementMap":{"0":{"start":{"line":5,"column":16},"end":{"line":5,"column":34}},"1":{"start":{"line":7,"column":26},"end":{"line":7,"column":51}},"2":{"start":{"line":9,"column":28},"end":{"line":9,"column":56}},"3":{"start":{"line":10,"column":24},"end":{"line":10,"column":53}},"4":{"start":{"line":11,"column":19},"end":{"line":11,"column":43}},"5":{"start":{"line":12,"column":19},"end":{"line":12,"column":43}},"6":{"start":{"line":14,"column":15},"end":{"line":14,"column":32}},"7":{"start":{"line":16,"column":12},"end":{"line":16,"column":21}},"8":{"start":{"line":18,"column":0},"end":{"line":18,"column":24}},"9":{"start":{"line":19,"column":0},"end":{"line":19,"column":24}},"10":{"start":{"line":20,"column":0},"end":{"line":20,"column":25}},"11":{"start":{"line":22,"column":0},"end":{"line":22,"column":39}},"12":{"start":{"line":23,"column":0},"end":{"line":23,"column":29}},"13":{"start":{"line":24,"column":0},"end":{"line":24,"column":29}},"14":{"start":{"line":28,"column":0},"end":{"line":30,"column":3}},"15":{"start":{"line":29,"column":2},"end":{"line":29,"column":35}},"16":{"start":{"line":33,"column":0},"end":{"line":41,"column":3}},"17":{"start":{"line":34,"column":2},"end":{"line":34,"column":64}},"18":{"start":{"line":34,"column":39},"end":{"line":34,"column":64}},"19":{"start":{"line":35,"column":17},"end":{"line":35,"column":34}},"20":{"start":{"line":36,"column":18},"end":{"line":36,"column":29}},"21":{"start":{"line":38,"column":2},"end":{"line":40,"column":5}},"22":{"start":{"line":43,"column":0},"end":{"line":43,"column":21}}},"fnMap":{"0":{"name":"(anonymous_0)","decl":{"start":{"line":28,"column":8},"end":{"line":28,"column":9}},"loc":{"start":{"line":28,"column":34},"end":{"line":30,"column":1}},"line":28},"1":{"name":"(anonymous_1)","decl":{"start":{"line":33,"column":8},"end":{"line":33,"column":9}},"loc":{"start":{"line":33,"column":39},"end":{"line":41,"column":1}},"line":33}},"branchMap":{"0":{"loc":{"start":{"line":34,"column":2},"end":{"line":34,"column":64}},"type":"if","locations":[{"start":{"line":34,"column":2},"end":{"line":34,"column":64}},{"start":{"line":34,"column":2},"end":{"line":34,"column":64}}],"line":34},"1":{"loc":{"start":{"line":35,"column":17},"end":{"line":35,"column":34}},"type":"binary-expr","locations":[{"start":{"line":35,"column":17},"end":{"line":35,"column":27}},{"start":{"line":35,"column":31},"end":{"line":35,"column":34}}],"line":35}},"s":{"0":4,"1":4,"2":4,"3":4,"4":4,"5":4,"6":4,"7":4,"8":4,"9":4,"10":4,"11":4,"12":4,"13":4,"14":4,"15":1,"16":4,"17":37,"18":0,"19":37,"20":37,"21":37,"22":4},"f":{"0":1,"1":37},"b":{"0":[0,37],"1":[37,2]},"_coverageSchema":"1a1c01bbd47fc00a2c39e90264f33305004495a9","hash":"2f604f82751cc89f680427f59a2ce90d4c5f9548"}
,"/Users/nweeden/Desktop/Rithm/Rithm_Exercises/Jobly/express-jobly/config.js": {"path":"/Users/nweeden/Desktop/Rithm/Rithm_Exercises/Jobly/express-jobly/config.js","statementMap":{"0":{"start":{"line":5,"column":0},"end":{"line":5,"column":27}},"1":{"start":{"line":7,"column":19},"end":{"line":7,"column":57}},"2":{"start":{"line":9,"column":13},"end":{"line":9,"column":38}},"3":{"start":{"line":13,"column":15},"end":{"line":15,"column":41}},"4":{"start":{"line":20,"column":27},"end":{"line":20,"column":67}},"5":{"start":{"line":23,"column":0},"end":{"line":28,"column":2}}},"fnMap":{},"branchMap":{"0":{"loc":{"start":{"line":7,"column":19},"end":{"line":7,"column":57}},"type":"binary-expr","locations":[{"start":{"line":7,"column":19},"end":{"line":7,"column":41}},{"start":{"line":7,"column":45},"end":{"line":7,"column":57}}],"line":7},"1":{"loc":{"start":{"line":9,"column":13},"end":{"line":9,"column":38}},"type":"binary-expr","locations":[{"start":{"line":9,"column":13},"end":{"line":9,"column":30}},{"start":{"line":9,"column":34},"end":{"line":9,"column":38}}],"line":9},"2":{"loc":{"start":{"line":13,"column":15},"end":{"line":15,"column":41}},"type":"cond-expr","locations":[{"start":{"line":14,"column":6},"end":{"line":14,"column":18}},{"start":{"line":15,"column":6},"end":{"line":15,"column":41}}],"line":13},"3":{"loc":{"start":{"line":15,"column":6},"end":{"line":15,"column":41}},"type":"binary-expr","locations":[{"start":{"line":15,"column":6},"end":{"line":15,"column":30}},{"start":{"line":15,"column":34},"end":{"line":15,"column":41}}],"line":15},"4":{"loc":{"start":{"line":20,"column":27},"end":{"line":20,"column":67}},"type":"cond-expr","locations":[{"start":{"line":20,"column":61},"end":{"line":20,"column":62}},{"start":{"line":20,"column":65},"end":{"line":20,"column":67}}],"line":20}},"s":{"0":8,"1":8,"2":8,"3":8,"4":8,"5":8},"f":{},"b":{"0":[8,8],"1":[8,8],"2":[8,0],"3":[0,0],"4":[8,0]},"_coverageSchema":"1a1c01bbd47fc00a2c39e90264f33305004495a9","hash":"33303da7167d8ac60e02c959e6450fe876d74685"}
,"/Users/nweeden/Desktop/Rithm/Rithm_Exercises/Jobly/express-jobly/db.js": {"path":"/Users/nweeden/Desktop/Rithm/Rithm_Exercises/Jobly/express-jobly/db.js","statementMap":{"0":{"start":{"line":5,"column":19},"end":{"line":5,"column":32}},"1":{"start":{"line":6,"column":19},"end":{"line":6,"column":38}},"2":{"start":{"line":8,"column":11},"end":{"line":10,"column":2}},"3":{"start":{"line":12,"column":0},"end":{"line":12,"column":13}},"4":{"start":{"line":14,"column":0},"end":{"line":14,"column":20}}},"fnMap":{},"branchMap":{},"s":{"0":7,"1":7,"2":7,"3":7,"4":7},"f":{},"b":{},"_coverageSchema":"1a1c01bbd47fc00a2c39e90264f33305004495a9","hash":"75297012c0a793a8b59cc7cb894bc7afabfba70b"}
,"/Users/nweeden/Desktop/Rithm/Rithm_Exercises/Jobly/express-jobly/expressError.js": {"path":"/Users/nweeden/Desktop/Rithm/Rithm_Exercises/Jobly/express-jobly/expressError.js","statementMap":{"0":{"start":{"line":9,"column":4},"end":{"line":9,"column":12}},"1":{"start":{"line":10,"column":4},"end":{"line":10,"column":27}},"2":{"start":{"line":11,"column":4},"end":{"line":11,"column":25}},"3":{"start":{"line":19,"column":4},"end":{"line":19,"column":24}},"4":{"start":{"line":27,"column":4},"end":{"line":27,"column":24}},"5":{"start":{"line":35,"column":4},"end":{"line":35,"column":24}},"6":{"start":{"line":43,"column":4},"end":{"line":43,"column":24}},"7":{"start":{"line":47,"column":0},"end":{"line":53,"column":2}}},"fnMap":{"0":{"name":"(anonymous_0)","decl":{"start":{"line":8,"column":2},"end":{"line":8,"column":3}},"loc":{"start":{"line":8,"column":31},"end":{"line":12,"column":3}},"line":8},"1":{"name":"(anonymous_1)","decl":{"start":{"line":18,"column":2},"end":{"line":18,"column":3}},"loc":{"start":{"line":18,"column":37},"end":{"line":20,"column":3}},"line":18},"2":{"name":"(anonymous_2)","decl":{"start":{"line":26,"column":2},"end":{"line":26,"column":3}},"loc":{"start":{"line":26,"column":40},"end":{"line":28,"column":3}},"line":26},"3":{"name":"(anonymous_3)","decl":{"start":{"line":34,"column":2},"end":{"line":34,"column":3}},"loc":{"start":{"line":34,"column":39},"end":{"line":36,"column":3}},"line":34},"4":{"name":"(anonymous_4)","decl":{"start":{"line":42,"column":2},"end":{"line":42,"column":3}},"loc":{"start":{"line":42,"column":39},"end":{"line":44,"column":3}},"line":42}},"branchMap":{"0":{"loc":{"start":{"line":18,"column":14},"end":{"line":18,"column":35}},"type":"default-arg","locations":[{"start":{"line":18,"column":24},"end":{"line":18,"column":35}}],"line":18},"1":{"loc":{"start":{"line":26,"column":14},"end":{"line":26,"column":38}},"type":"default-arg","locations":[{"start":{"line":26,"column":24},"end":{"line":26,"column":38}}],"line":26},"2":{"loc":{"start":{"line":34,"column":14},"end":{"line":34,"column":37}},"type":"default-arg","locations":[{"start":{"line":34,"column":24},"end":{"line":34,"column":37}}],"line":34},"3":{"loc":{"start":{"line":42,"column":14},"end":{"line":42,"column":37}},"type":"default-arg","locations":[{"start":{"line":42,"column":24},"end":{"line":42,"column":37}}],"line":42}},"s":{"0":50,"1":50,"2":50,"3":10,"4":22,"5":18,"6":0,"7":9},"f":{"0":50,"1":10,"2":22,"3":18,"4":0},"b":{"0":[1],"1":[18],"2":[0],"3":[0]},"_coverageSchema":"1a1c01bbd47fc00a2c39e90264f33305004495a9","hash":"4ca5213304724e47bee31733125f0f14a5cf4f33"}
,"/Users/nweeden/Desktop/Rithm/Rithm_Exercises/Jobly/express-jobly/helpers/sql.js": {"path":"/Users/nweeden/Desktop/Rithm/Rithm_Exercises/Jobly/express-jobly/helpers/sql.js","statementMap":{"0":{"start":{"line":1,"column":28},"end":{"line":1,"column":54}},"1":{"start":{"line":11,"column":15},"end":{"line":12,"column":41}},"2":{"start":{"line":12,"column":20},"end":{"line":12,"column":40}},"3":{"start":{"line":14,"column":2},"end":{"line":17,"column":4}},"4":{"start":{"line":31,"column":2},"end":{"line":31,"column":51}},"5":{"start":{"line":32,"column":2},"end":{"line":36,"column":3}},"6":{"start":{"line":33,"column":4},"end":{"line":35,"column":5}},"7":{"start":{"line":34,"column":6},"end":{"line":34,"column":65}},"8":{"start":{"line":38,"column":26},"end":{"line":38,"column":27}},"9":{"start":{"line":39,"column":20},"end":{"line":39,"column":27}},"10":{"start":{"line":40,"column":15},"end":{"line":40,"column":17}},"11":{"start":{"line":42,"column":2},"end":{"line":47,"column":3}},"12":{"start":{"line":43,"column":4},"end":{"line":43,"column":59}},"13":{"start":{"line":44,"column":4},"end":{"line":44,"column":24}},"14":{"start":{"line":45,"column":22},"end":{"line":45,"column":50}},"15":{"start":{"line":46,"column":4},"end":{"line":46,"column":29}},"16":{"start":{"line":49,"column":2},"end":{"line":53,"column":3}},"17":{"start":{"line":50,"column":4},"end":{"line":50,"column":65}},"18":{"start":{"line":51,"column":4},"end":{"line":51,"column":24}},"19":{"start":{"line":52,"column":4},"end":{"line":52,"column":42}},"20":{"start":{"line":55,"column":2},"end":{"line":58,"column":3}},"21":{"start":{"line":56,"column":4},"end":{"line":56,"column":65}},"22":{"start":{"line":57,"column":4},"end":{"line":57,"column":42}},"23":{"start":{"line":60,"column":20},"end":{"line":60,"column":22}},"24":{"start":{"line":61,"column":2},"end":{"line":61,"column":48}},"25":{"start":{"line":64,"column":2},"end":{"line":68,"column":3}},"26":{"start":{"line":65,"column":4},"end":{"line":65,"column":33}},"27":{"start":{"line":67,"column":4},"end":{"line":67,"column":14}},"28":{"start":{"line":82,"column":26},"end":{"line":82,"column":27}},"29":{"start":{"line":83,"column":15},"end":{"line":83,"column":17}},"30":{"start":{"line":84,"column":16},"end":{"line":84,"column":18}},"31":{"start":{"line":86,"column":2},"end":{"line":91,"column":3}},"32":{"start":{"line":87,"column":23},"end":{"line":87,"column":52}},"33":{"start":{"line":88,"column":4},"end":{"line":88,"column":29}},"34":{"start":{"line":89,"column":4},"end":{"line":89,"column":54}},"35":{"start":{"line":90,"column":4},"end":{"line":90,"column":25}},"36":{"start":{"line":93,"column":2},"end":{"line":97,"column":3}},"37":{"start":{"line":94,"column":4},"end":{"line":94,"column":39}},"38":{"start":{"line":95,"column":4},"end":{"line":95,"column":52}},"39":{"start":{"line":96,"column":4},"end":{"line":96,"column":25}},"40":{"start":{"line":106,"column":2},"end":{"line":109,"column":3}},"41":{"start":{"line":107,"column":4},"end":{"line":107,"column":19}},"42":{"start":{"line":108,"column":4},"end":{"line":108,"column":51}},"43":{"start":{"line":111,"column":2},"end":{"line":116,"column":3}},"44":{"start":{"line":112,"column":22},"end":{"line":112,"column":60}},"45":{"start":{"line":113,"column":4},"end":{"line":113,"column":33}},"46":{"start":{"line":115,"column":4},"end":{"line":115,"column":14}},"47":{"start":{"line":121,"column":0},"end":{"line":121,"column":79}}},"fnMap":{"0":{"name":"sqlForPartialUpdate","decl":{"start":{"line":10,"column":9},"end":{"line":10,"column":28}},"loc":{"start":{"line":10,"column":43},"end":{"line":18,"column":1}},"line":10},"1":{"name":"(anonymous_1)","decl":{"start":{"line":12,"column":6},"end":{"line":12,"column":7}},"loc":{"start":{"line":12,"column":20},"end":{"line":12,"column":40}},"line":12},"2":{"name":"sqlForFiltering","decl":{"start":{"line":30,"column":9},"end":{"line":30,"column":24}},"loc":{"start":{"line":30,"column":38},"end":{"line":69,"column":1}},"line":30},"3":{"name":"sqlForJobsFiltering","decl":{"start":{"line":81,"column":9},"end":{"line":81,"column":28}},"loc":{"start":{"line":81,"column":42},"end":{"line":117,"column":1}},"line":81}},"branchMap":{"0":{"loc":{"start":{"line":32,"column":2},"end":{"line":36,"column":3}},"type":"if","locations":[{"start":{"line":32,"column":2},"end":{"line":36,"column":3}},{"start":{"line":32,"column":2},"end":{"line":36,"column":3}}],"line":32},"1":{"loc":{"start":{"line":32,"column":6},"end":{"line":32,"column":58}},"type":"binary-expr","locations":[{"start":{"line":32,"column":6},"end":{"line":32,"column":30}},{"start":{"line":32,"column":34},"end":{"line":32,"column":58}}],"line":32},"2":{"loc":{"start":{"line":33,"column":4},"end":{"line":35,"column":5}},"type":"if","locations":[{"start":{"line":33,"column":4},"end":{"line":35,"column":5}},{"start":{"line":33,"column":4},"end":{"line":35,"column":5}}],"line":33},"3":{"loc":{"start":{"line":42,"column":2},"end":{"line":47,"column":3}},"type":"if","locations":[{"start":{"line":42,"column":2},"end":{"line":47,"column":3}},{"start":{"line":42,"column":2},"end":{"line":47,"column":3}}],"line":42},"4":{"loc":{"start":{"line":49,"column":2},"end":{"line":53,"column":3}},"type":"if","locations":[{"start":{"line":49,"column":2},"end":{"line":53,"column":3}},{"start":{"line":49,"column":2},"end":{"line":53,"column":3}}],"line":49},"5":{"loc":{"start":{"line":55,"column":2},"end":{"line":58,"column":3}},"type":"if","locations":[{"start":{"line":55,"column":2},"end":{"line":58,"column":3}},{"start":{"line":55,"column":2},"end":{"line":58,"column":3}}],"line":55},"6":{"loc":{"start":{"line":64,"column":2},"end":{"line":68,"column":3}},"type":"if","locations":[{"start":{"line":64,"column":2},"end":{"line":68,"column":3}},{"start":{"line":64,"column":2},"end":{"line":68,"column":3}}],"line":64},"7":{"loc":{"start":{"line":86,"column":2},"end":{"line":91,"column":3}},"type":"if","locations":[{"start":{"line":86,"column":2},"end":{"line":91,"column":3}},{"start":{"line":86,"column":2},"end":{"line":91,"column":3}}],"line":86},"8":{"loc":{"start":{"line":93,"column":2},"end":{"line":97,"column":3}},"type":"if","locations":[{"start":{"line":93,"column":2},"end":{"line":97,"column":3}},{"start":{"line":93,"column":2},"end":{"line":97,"column":3}}],"line":93},"9":{"loc":{"start":{"line":106,"column":2},"end":{"line":109,"column":3}},"type":"if","locations":[{"start":{"line":106,"column":2},"end":{"line":109,"column":3}},{"start":{"line":106,"column":2},"end":{"line":109,"column":3}}],"line":106},"10":{"loc":{"start":{"line":111,"column":2},"end":{"line":116,"column":3}},"type":"if","locations":[{"start":{"line":111,"column":2},"end":{"line":116,"column":3}},{"start":{"line":111,"column":2},"end":{"line":116,"column":3}}],"line":111}},"s":{"0":8,"1":9,"2":11,"3":9,"4":11,"5":11,"6":2,"7":2,"8":9,"9":9,"10":9,"11":9,"12":4,"13":4,"14":4,"15":4,"16":9,"17":3,"18":3,"19":3,"20":9,"21":2,"22":2,"23":9,"24":9,"25":9,"26":8,"27":1,"28":15,"29":15,"30":15,"31":15,"32":5,"33":5,"34":5,"35":5,"36":15,"37":7,"38":7,"39":7,"40":15,"41":2,"42":2,"43":15,"44":12,"45":12,"46":3,"47":8},"f":{"0":9,"1":11,"2":11,"3":15},"b":{"0":[2,9],"1":[11,5],"2":[2,0],"3":[4,5],"4":[3,6],"5":[2,7],"6":[8,1],"7":[5,10],"8":[7,8],"9":[2,13],"10":[12,3]},"_coverageSchema":"1a1c01bbd47fc00a2c39e90264f33305004495a9","hash":"8f7a0b6d5a592af381f9cf361ab5c7a3739a8617"}
,"/Users/nweeden/Desktop/Rithm/Rithm_Exercises/Jobly/express-jobly/helpers/tokens.js": {"path":"/Users/nweeden/Desktop/Rithm/Rithm_Exercises/Jobly/express-jobly/helpers/tokens.js","statementMap":{"0":{"start":{"line":1,"column":12},"end":{"line":1,"column":35}},"1":{"start":{"line":2,"column":23},"end":{"line":2,"column":43}},"2":{"start":{"line":7,"column":2},"end":{"line":8,"column":59}},"3":{"start":{"line":10,"column":16},"end":{"line":13,"column":3}},"4":{"start":{"line":15,"column":2},"end":{"line":15,"column":39}},"5":{"start":{"line":18,"column":0},"end":{"line":18,"column":33}}},"fnMap":{"0":{"name":"createToken","decl":{"start":{"line":6,"column":9},"end":{"line":6,"column":20}},"loc":{"start":{"line":6,"column":27},"end":{"line":16,"column":1}},"line":6}},"branchMap":{"0":{"loc":{"start":{"line":12,"column":14},"end":{"line":12,"column":36}},"type":"binary-expr","locations":[{"start":{"line":12,"column":14},"end":{"line":12,"column":27}},{"start":{"line":12,"column":31},"end":{"line":12,"column":36}}],"line":12}},"s":{"0":4,"1":4,"2":7,"3":7,"4":7,"5":4},"f":{"0":7},"b":{"0":[7,4]},"_coverageSchema":"1a1c01bbd47fc00a2c39e90264f33305004495a9","hash":"cd41721692a5d063e856308014e05c62e0dfb6ff"}
,"/Users/nweeden/Desktop/Rithm/Rithm_Exercises/Jobly/express-jobly/middleware/auth.js": {"path":"/Users/nweeden/Desktop/Rithm/Rithm_Exercises/Jobly/express-jobly/middleware/auth.js","statementMap":{"0":{"start":{"line":5,"column":12},"end":{"line":5,"column":35}},"1":{"start":{"line":6,"column":23},"end":{"line":6,"column":43}},"2":{"start":{"line":7,"column":47},"end":{"line":7,"column":73}},"3":{"start":{"line":21,"column":2},"end":{"line":30,"column":3}},"4":{"start":{"line":22,"column":18},"end":{"line":22,"column":33}},"5":{"start":{"line":24,"column":4},"end":{"line":24,"column":27}},"6":{"start":{"line":25,"column":4},"end":{"line":25,"column":63}},"7":{"start":{"line":25,"column":15},"end":{"line":25,"column":63}},"8":{"start":{"line":26,"column":4},"end":{"line":26,"column":18}},"9":{"start":{"line":28,"column":4},"end":{"line":28,"column":51}},"10":{"start":{"line":29,"column":4},"end":{"line":29,"column":18}},"11":{"start":{"line":42,"column":2},"end":{"line":42,"column":54}},"12":{"start":{"line":42,"column":24},"end":{"line":42,"column":54}},"13":{"start":{"line":49,"column":2},"end":{"line":54,"column":3}},"14":{"start":{"line":50,"column":4},"end":{"line":50,"column":30}},"15":{"start":{"line":51,"column":4},"end":{"line":51,"column":18}},"16":{"start":{"line":53,"column":4},"end":{"line":53,"column":21}},"17":{"start":{"line":67,"column":2},"end":{"line":68,"column":34}},"18":{"start":{"line":68,"column":4},"end":{"line":68,"column":34}},"19":{"start":{"line":75,"column":2},"end":{"line":80,"column":3}},"20":{"start":{"line":76,"column":4},"end":{"line":76,"column":27}},"21":{"start":{"line":77,"column":4},"end":{"line":77,"column":18}},"22":{"start":{"line":79,"column":4},"end":{"line":79,"column":21}},"23":{"start":{"line":84,"column":0},"end":{"line":90,"column":2}}},"fnMap":{"0":{"name":"authenticateJWT","decl":{"start":{"line":20,"column":9},"end":{"line":20,"column":24}},"loc":{"start":{"line":20,"column":41},"end":{"line":31,"column":1}},"line":20},"1":{"name":"_ensureLoggedIn","decl":{"start":{"line":41,"column":9},"end":{"line":41,"column":24}},"loc":{"start":{"line":41,"column":35},"end":{"line":43,"column":1}},"line":41},"2":{"name":"ensureLoggedIn","decl":{"start":{"line":48,"column":9},"end":{"line":48,"column":23}},"loc":{"start":{"line":48,"column":40},"end":{"line":55,"column":1}},"line":48},"3":{"name":"_ensureAdmin","decl":{"start":{"line":65,"column":9},"end":{"line":65,"column":21}},"loc":{"start":{"line":65,"column":32},"end":{"line":69,"column":1}},"line":65},"4":{"name":"ensureAdmin","decl":{"start":{"line":74,"column":9},"end":{"line":74,"column":20}},"loc":{"start":{"line":74,"column":37},"end":{"line":81,"column":1}},"line":74}},"branchMap":{"0":{"loc":{"start":{"line":25,"column":4},"end":{"line":25,"column":63}},"type":"if","locations":[{"start":{"line":25,"column":4},"end":{"line":25,"column":63}},{"start":{"line":25,"column":4},"end":{"line":25,"column":63}}],"line":25},"1":{"loc":{"start":{"line":42,"column":2},"end":{"line":42,"column":54}},"type":"if","locations":[{"start":{"line":42,"column":2},"end":{"line":42,"column":54}},{"start":{"line":42,"column":2},"end":{"line":42,"column":54}}],"line":42},"2":{"loc":{"start":{"line":67,"column":2},"end":{"line":68,"column":34}},"type":"if","locations":[{"start":{"line":67,"column":2},"end":{"line":68,"column":34}},{"start":{"line":67,"column":2},"end":{"line":68,"column":34}}],"line":67},"3":{"loc":{"start":{"line":67,"column":6},"end":{"line":67,"column":60}},"type":"binary-expr","locations":[{"start":{"line":67,"column":6},"end":{"line":67,"column":22}},{"start":{"line":67,"column":26},"end":{"line":67,"column":60}}],"line":67}},"s":{"0":5,"1":5,"2":5,"3":54,"4":54,"5":54,"6":54,"7":26,"8":53,"9":1,"10":1,"11":2,"12":1,"13":0,"14":0,"15":0,"16":0,"17":34,"18":17,"19":31,"20":31,"21":16,"22":15,"23":5},"f":{"0":54,"1":2,"2":0,"3":34,"4":31},"b":{"0":[26,28],"1":[1,1],"2":[17,17],"3":[34,24]},"_coverageSchema":"1a1c01bbd47fc00a2c39e90264f33305004495a9","hash":"85d55728292122f6718aeab07bc8541a61523be7"}
,"/Users/nweeden/Desktop/Rithm/Rithm_Exercises/Jobly/express-jobly/models/_testCommon.js": {"path":"/Users/nweeden/Desktop/Rithm/Rithm_Exercises/Jobly/express-jobly/models/_testCommon.js","statementMap":{"0":{"start":{"line":1,"column":15},"end":{"line":1,"column":32}},"1":{"start":{"line":3,"column":11},"end":{"line":3,"column":30}},"2":{"start":{"line":4,"column":31},"end":{"line":4,"column":51}},"3":{"start":{"line":9,"column":2},"end":{"line":9,"column":42}},"4":{"start":{"line":11,"column":2},"end":{"line":11,"column":38}},"5":{"start":{"line":13,"column":2},"end":{"line":13,"column":37}},"6":{"start":{"line":16,"column":2},"end":{"line":20,"column":55}},"7":{"start":{"line":23,"column":22},"end":{"line":26,"column":3}},"8":{"start":{"line":28,"column":2},"end":{"line":36,"column":25}},"9":{"start":{"line":39,"column":2},"end":{"line":46,"column":37}},"10":{"start":{"line":50,"column":2},"end":{"line":50,"column":26}},"11":{"start":{"line":54,"column":2},"end":{"line":54,"column":29}},"12":{"start":{"line":58,"column":2},"end":{"line":58,"column":17}},"13":{"start":{"line":62,"column":0},"end":{"line":67,"column":2}}},"fnMap":{"0":{"name":"commonBeforeAll","decl":{"start":{"line":7,"column":15},"end":{"line":7,"column":30}},"loc":{"start":{"line":7,"column":33},"end":{"line":47,"column":1}},"line":7},"1":{"name":"commonBeforeEach","decl":{"start":{"line":49,"column":15},"end":{"line":49,"column":31}},"loc":{"start":{"line":49,"column":34},"end":{"line":51,"column":1}},"line":49},"2":{"name":"commonAfterEach","decl":{"start":{"line":53,"column":15},"end":{"line":53,"column":30}},"loc":{"start":{"line":53,"column":33},"end":{"line":55,"column":1}},"line":53},"3":{"name":"commonAfterAll","decl":{"start":{"line":57,"column":15},"end":{"line":57,"column":29}},"loc":{"start":{"line":57,"column":32},"end":{"line":59,"column":1}},"line":57}},"branchMap":{},"s":{"0":3,"1":3,"2":3,"3":3,"4":3,"5":3,"6":3,"7":3,"8":3,"9":3,"10":38,"11":38,"12":3,"13":3},"f":{"0":3,"1":38,"2":38,"3":3},"b":{},"_coverageSchema":"1a1c01bbd47fc00a2c39e90264f33305004495a9","hash":"dbefa30289dedb8ec602294cd545f9e747156bec"}
,"/Users/nweeden/Desktop/Rithm/Rithm_Exercises/Jobly/express-jobly/models/company.js": {"path":"/Users/nweeden/Desktop/Rithm/Rithm_Exercises/Jobly/express-jobly/models/company.js","statementMap":{"0":{"start":{"line":3,"column":11},"end":{"line":3,"column":27}},"1":{"start":{"line":4,"column":43},"end":{"line":4,"column":69}},"2":{"start":{"line":5,"column":49},"end":{"line":5,"column":74}},"3":{"start":{"line":20,"column":15},"end":{"line":20,"column":17}},"4":{"start":{"line":23,"column":4},"end":{"line":28,"column":5}},"5":{"start":{"line":24,"column":22},"end":{"line":24,"column":50}},"6":{"start":{"line":25,"column":6},"end":{"line":25,"column":40}},"7":{"start":{"line":26,"column":6},"end":{"line":26,"column":42}},"8":{"start":{"line":29,"column":25},"end":{"line":33,"column":40}},"9":{"start":{"line":35,"column":4},"end":{"line":35,"column":29}},"10":{"start":{"line":47,"column":23},"end":{"line":51,"column":17}},"11":{"start":{"line":53,"column":20},"end":{"line":53,"column":38}},"12":{"start":{"line":55,"column":4},"end":{"line":55,"column":67}},"13":{"start":{"line":55,"column":18},"end":{"line":55,"column":67}},"14":{"start":{"line":57,"column":20},"end":{"line":62,"column":15}},"15":{"start":{"line":64,"column":17},"end":{"line":64,"column":29}},"16":{"start":{"line":66,"column":4},"end":{"line":66,"column":24}},"17":{"start":{"line":67,"column":4},"end":{"line":67,"column":19}},"18":{"start":{"line":80,"column":27},"end":{"line":84,"column":17}},"19":{"start":{"line":86,"column":4},"end":{"line":87,"column":64}},"20":{"start":{"line":87,"column":6},"end":{"line":87,"column":64}},"21":{"start":{"line":89,"column":19},"end":{"line":101,"column":5}},"22":{"start":{"line":102,"column":20},"end":{"line":102,"column":34}},"23":{"start":{"line":104,"column":4},"end":{"line":104,"column":19}},"24":{"start":{"line":120,"column":4},"end":{"line":120,"column":77}},"25":{"start":{"line":120,"column":40},"end":{"line":120,"column":77}},"26":{"start":{"line":122,"column":32},"end":{"line":122,"column":57}},"27":{"start":{"line":123,"column":25},"end":{"line":123,"column":50}},"28":{"start":{"line":125,"column":21},"end":{"line":132,"column":41}},"29":{"start":{"line":133,"column":19},"end":{"line":133,"column":64}},"30":{"start":{"line":134,"column":20},"end":{"line":134,"column":34}},"31":{"start":{"line":136,"column":4},"end":{"line":136,"column":67}},"32":{"start":{"line":136,"column":18},"end":{"line":136,"column":67}},"33":{"start":{"line":138,"column":4},"end":{"line":138,"column":19}},"34":{"start":{"line":147,"column":19},"end":{"line":152,"column":17}},"35":{"start":{"line":153,"column":20},"end":{"line":153,"column":34}},"36":{"start":{"line":155,"column":4},"end":{"line":155,"column":67}},"37":{"start":{"line":155,"column":18},"end":{"line":155,"column":67}},"38":{"start":{"line":160,"column":0},"end":{"line":160,"column":25}}},"fnMap":{"0":{"name":"(anonymous_0)","decl":{"start":{"line":18,"column":2},"end":{"line":18,"column":3}},"loc":{"start":{"line":18,"column":36},"end":{"line":36,"column":3}},"line":18},"1":{"name":"(anonymous_1)","decl":{"start":{"line":46,"column":2},"end":{"line":46,"column":3}},"loc":{"start":{"line":46,"column":27},"end":{"line":68,"column":3}},"line":46},"2":{"name":"(anonymous_2)","decl":{"start":{"line":79,"column":2},"end":{"line":79,"column":3}},"loc":{"start":{"line":79,"column":78},"end":{"line":105,"column":3}},"line":79},"3":{"name":"(anonymous_3)","decl":{"start":{"line":119,"column":2},"end":{"line":119,"column":3}},"loc":{"start":{"line":119,"column":36},"end":{"line":139,"column":3}},"line":119},"4":{"name":"(anonymous_4)","decl":{"start":{"line":146,"column":2},"end":{"line":146,"column":3}},"loc":{"start":{"line":146,"column":30},"end":{"line":156,"column":3}},"line":146}},"branchMap":{"0":{"loc":{"start":{"line":23,"column":4},"end":{"line":28,"column":5}},"type":"if","locations":[{"start":{"line":23,"column":4},"end":{"line":28,"column":5}},{"start":{"line":23,"column":4},"end":{"line":28,"column":5}}],"line":23},"1":{"loc":{"start":{"line":25,"column":14},"end":{"line":25,"column":39}},"type":"binary-expr","locations":[{"start":{"line":25,"column":14},"end":{"line":25,"column":33}},{"start":{"line":25,"column":37},"end":{"line":25,"column":39}}],"line":25},"2":{"loc":{"start":{"line":26,"column":21},"end":{"line":26,"column":41}},"type":"binary-expr","locations":[{"start":{"line":26,"column":21},"end":{"line":26,"column":35}},{"start":{"line":26,"column":39},"end":{"line":26,"column":41}}],"line":26},"3":{"loc":{"start":{"line":55,"column":4},"end":{"line":55,"column":67}},"type":"if","locations":[{"start":{"line":55,"column":4},"end":{"line":55,"column":67}},{"start":{"line":55,"column":4},"end":{"line":55,"column":67}}],"line":55},"4":{"loc":{"start":{"line":86,"column":4},"end":{"line":87,"column":64}},"type":"if","locations":[{"start":{"line":86,"column":4},"end":{"line":87,"column":64}},{"start":{"line":86,"column":4},"end":{"line":87,"column":64}}],"line":86},"5":{"loc":{"start":{"line":120,"column":4},"end":{"line":120,"column":77}},"type":"if","locations":[{"start":{"line":120,"column":4},"end":{"line":120,"column":77}},{"start":{"line":120,"column":4},"end":{"line":120,"column":77}}],"line":120},"6":{"loc":{"start":{"line":136,"column":4},"end":{"line":136,"column":67}},"type":"if","locations":[{"start":{"line":136,"column":4},"end":{"line":136,"column":67}},{"start":{"line":136,"column":4},"end":{"line":136,"column":67}}],"line":136},"7":{"loc":{"start":{"line":155,"column":4},"end":{"line":155,"column":67}},"type":"if","locations":[{"start":{"line":155,"column":4},"end":{"line":155,"column":67}},{"start":{"line":155,"column":4},"end":{"line":155,"column":67}}],"line":155}},"s":{"0":5,"1":5,"2":5,"3":9,"4":9,"5":6,"6":5,"7":5,"8":8,"9":7,"10":4,"11":4,"12":4,"13":2,"14":2,"15":2,"16":2,"17":2,"18":12,"19":12,"20":1,"21":11,"22":11,"23":11,"24":4,"25":1,"26":3,"27":3,"28":3,"29":3,"30":3,"31":3,"32":1,"33":2,"34":4,"35":4,"36":4,"37":2,"38":5},"f":{"0":9,"1":4,"2":12,"3":4,"4":4},"b":{"0":[6,3],"1":[5,0],"2":[5,0],"3":[2,2],"4":[1,11],"5":[1,3],"6":[1,2],"7":[2,2]},"_coverageSchema":"1a1c01bbd47fc00a2c39e90264f33305004495a9","hash":"521455dd555c29f7a4415b363be1147b7eae695c"}
,"/Users/nweeden/Desktop/Rithm/Rithm_Exercises/Jobly/express-jobly/models/job.js": {"path":"/Users/nweeden/Desktop/Rithm/Rithm_Exercises/Jobly/express-jobly/models/job.js","statementMap":{"0":{"start":{"line":3,"column":11},"end":{"line":3,"column":27}},"1":{"start":{"line":4,"column":53},"end":{"line":4,"column":78}},"2":{"start":{"line":9,"column":4},"end":{"line":9,"column":30}},"3":{"start":{"line":22,"column":16},"end":{"line":22,"column":18}},"4":{"start":{"line":24,"column":4},"end":{"line":29,"column":5}},"5":{"start":{"line":25,"column":22},"end":{"line":25,"column":53}},"6":{"start":{"line":27,"column":6},"end":{"line":27,"column":40}},"7":{"start":{"line":28,"column":6},"end":{"line":28,"column":42}},"8":{"start":{"line":30,"column":20},"end":{"line":34,"column":36}},"9":{"start":{"line":36,"column":4},"end":{"line":36,"column":24}},"10":{"start":{"line":47,"column":4},"end":{"line":47,"column":71}},"11":{"start":{"line":47,"column":23},"end":{"line":47,"column":71}},"12":{"start":{"line":48,"column":19},"end":{"line":52,"column":11}},"13":{"start":{"line":54,"column":16},"end":{"line":54,"column":30}},"14":{"start":{"line":56,"column":4},"end":{"line":56,"column":55}},"15":{"start":{"line":56,"column":14},"end":{"line":56,"column":55}},"16":{"start":{"line":58,"column":4},"end":{"line":58,"column":15}},"17":{"start":{"line":72,"column":19},"end":{"line":83,"column":5}},"18":{"start":{"line":84,"column":16},"end":{"line":84,"column":30}},"19":{"start":{"line":86,"column":4},"end":{"line":86,"column":15}},"20":{"start":{"line":103,"column":4},"end":{"line":103,"column":77}},"21":{"start":{"line":103,"column":40},"end":{"line":103,"column":77}},"22":{"start":{"line":105,"column":32},"end":{"line":105,"column":57}},"23":{"start":{"line":106,"column":21},"end":{"line":106,"column":46}},"24":{"start":{"line":108,"column":21},"end":{"line":115,"column":47}},"25":{"start":{"line":116,"column":19},"end":{"line":116,"column":60}},"26":{"start":{"line":117,"column":16},"end":{"line":117,"column":30}},"27":{"start":{"line":119,"column":4},"end":{"line":119,"column":55}},"28":{"start":{"line":119,"column":14},"end":{"line":119,"column":55}},"29":{"start":{"line":121,"column":4},"end":{"line":121,"column":15}},"30":{"start":{"line":132,"column":4},"end":{"line":132,"column":71}},"31":{"start":{"line":132,"column":23},"end":{"line":132,"column":71}},"32":{"start":{"line":134,"column":19},"end":{"line":139,"column":11}},"33":{"start":{"line":140,"column":4},"end":{"line":140,"column":69}},"34":{"start":{"line":141,"column":16},"end":{"line":141,"column":30}},"35":{"start":{"line":143,"column":4},"end":{"line":143,"column":55}},"36":{"start":{"line":143,"column":14},"end":{"line":143,"column":55}},"37":{"start":{"line":144,"column":4},"end":{"line":144,"column":15}},"38":{"start":{"line":148,"column":0},"end":{"line":148,"column":20}}},"fnMap":{"0":{"name":"(anonymous_0)","decl":{"start":{"line":20,"column":2},"end":{"line":20,"column":3}},"loc":{"start":{"line":20,"column":35},"end":{"line":37,"column":3}},"line":20},"1":{"name":"(anonymous_1)","decl":{"start":{"line":46,"column":2},"end":{"line":46,"column":3}},"loc":{"start":{"line":46,"column":23},"end":{"line":59,"column":3}},"line":46},"2":{"name":"(anonymous_2)","decl":{"start":{"line":69,"column":2},"end":{"line":69,"column":3}},"loc":{"start":{"line":69,"column":65},"end":{"line":87,"column":3}},"line":69},"3":{"name":"(anonymous_3)","decl":{"start":{"line":102,"column":2},"end":{"line":102,"column":3}},"loc":{"start":{"line":102,"column":32},"end":{"line":122,"column":3}},"line":102},"4":{"name":"(anonymous_4)","decl":{"start":{"line":130,"column":2},"end":{"line":130,"column":3}},"loc":{"start":{"line":130,"column":26},"end":{"line":145,"column":3}},"line":130}},"branchMap":{"0":{"loc":{"start":{"line":24,"column":4},"end":{"line":29,"column":5}},"type":"if","locations":[{"start":{"line":24,"column":4},"end":{"line":29,"column":5}},{"start":{"line":24,"column":4},"end":{"line":29,"column":5}}],"line":24},"1":{"loc":{"start":{"line":27,"column":14},"end":{"line":27,"column":39}},"type":"binary-expr","locations":[{"start":{"line":27,"column":14},"end":{"line":27,"column":33}},{"start":{"line":27,"column":37},"end":{"line":27,"column":39}}],"line":27},"2":{"loc":{"start":{"line":28,"column":21},"end":{"line":28,"column":41}},"type":"binary-expr","locations":[{"start":{"line":28,"column":21},"end":{"line":28,"column":35}},{"start":{"line":28,"column":39},"end":{"line":28,"column":41}}],"line":28},"3":{"loc":{"start":{"line":47,"column":4},"end":{"line":47,"column":71}},"type":"if","locations":[{"start":{"line":47,"column":4},"end":{"line":47,"column":71}},{"start":{"line":47,"column":4},"end":{"line":47,"column":71}}],"line":47},"4":{"loc":{"start":{"line":56,"column":4},"end":{"line":56,"column":55}},"type":"if","locations":[{"start":{"line":56,"column":4},"end":{"line":56,"column":55}},{"start":{"line":56,"column":4},"end":{"line":56,"column":55}}],"line":56},"5":{"loc":{"start":{"line":103,"column":4},"end":{"line":103,"column":77}},"type":"if","locations":[{"start":{"line":103,"column":4},"end":{"line":103,"column":77}},{"start":{"line":103,"column":4},"end":{"line":103,"column":77}}],"line":103},"6":{"loc":{"start":{"line":119,"column":4},"end":{"line":119,"column":55}},"type":"if","locations":[{"start":{"line":119,"column":4},"end":{"line":119,"column":55}},{"start":{"line":119,"column":4},"end":{"line":119,"column":55}}],"line":119},"7":{"loc":{"start":{"line":132,"column":4},"end":{"line":132,"column":71}},"type":"if","locations":[{"start":{"line":132,"column":4},"end":{"line":132,"column":71}},{"start":{"line":132,"column":4},"end":{"line":132,"column":71}}],"line":132},"8":{"loc":{"start":{"line":143,"column":4},"end":{"line":143,"column":55}},"type":"if","locations":[{"start":{"line":143,"column":4},"end":{"line":143,"column":55}},{"start":{"line":143,"column":4},"end":{"line":143,"column":55}}],"line":143}},"s":{"0":5,"1":5,"2":5,"3":12,"4":12,"5":9,"6":9,"7":9,"8":12,"9":11,"10":4,"11":2,"12":2,"13":2,"14":2,"15":0,"16":2,"17":11,"18":11,"19":11,"20":4,"21":1,"22":3,"23":3,"24":3,"25":3,"26":2,"27":2,"28":0,"29":2,"30":4,"31":2,"32":2,"33":2,"34":2,"35":2,"36":0,"37":2,"38":5},"f":{"0":12,"1":4,"2":11,"3":4,"4":4},"b":{"0":[9,3],"1":[9,1],"2":[9,1],"3":[2,2],"4":[0,2],"5":[1,3],"6":[0,2],"7":[2,2],"8":[0,2]},"_coverageSchema":"1a1c01bbd47fc00a2c39e90264f33305004495a9","hash":"51b3ca4ae5283ed7bde2ba61a0cd27f78580f9c9"}
,"/Users/nweeden/Desktop/Rithm/Rithm_Exercises/Jobly/express-jobly/models/user.js": {"path":"/Users/nweeden/Desktop/Rithm/Rithm_Exercises/Jobly/express-jobly/models/user.js","statementMap":{"0":{"start":{"line":3,"column":11},"end":{"line":3,"column":27}},"1":{"start":{"line":4,"column":15},"end":{"line":4,"column":32}},"2":{"start":{"line":8,"column":4},"end":{"line":8,"column":30}},"3":{"start":{"line":9,"column":32},"end":{"line":9,"column":57}},"4":{"start":{"line":12,"column":31},"end":{"line":12,"column":54}},"5":{"start":{"line":26,"column":19},"end":{"line":36,"column":5}},"6":{"start":{"line":38,"column":17},"end":{"line":38,"column":31}},"7":{"start":{"line":40,"column":4},"end":{"line":47,"column":5}},"8":{"start":{"line":42,"column":22},"end":{"line":42,"column":67}},"9":{"start":{"line":43,"column":6},"end":{"line":46,"column":7}},"10":{"start":{"line":44,"column":8},"end":{"line":44,"column":29}},"11":{"start":{"line":45,"column":8},"end":{"line":45,"column":20}},"12":{"start":{"line":49,"column":4},"end":{"line":49,"column":61}},"13":{"start":{"line":61,"column":27},"end":{"line":66,"column":5}},"14":{"start":{"line":68,"column":4},"end":{"line":70,"column":5}},"15":{"start":{"line":69,"column":6},"end":{"line":69,"column":72}},"16":{"start":{"line":72,"column":27},"end":{"line":72,"column":74}},"17":{"start":{"line":74,"column":19},"end":{"line":92,"column":5}},"18":{"start":{"line":94,"column":17},"end":{"line":94,"column":31}},"19":{"start":{"line":96,"column":4},"end":{"line":96,"column":16}},"20":{"start":{"line":106,"column":21},"end":{"line":109,"column":26}},"21":{"start":{"line":111,"column":4},"end":{"line":111,"column":25}},"22":{"start":{"line":123,"column":16},"end":{"line":127,"column":17}},"23":{"start":{"line":129,"column":17},"end":{"line":129,"column":28}},"24":{"start":{"line":131,"column":4},"end":{"line":131,"column":63}},"25":{"start":{"line":131,"column":15},"end":{"line":131,"column":63}},"26":{"start":{"line":133,"column":4},"end":{"line":133,"column":16}},"27":{"start":{"line":149,"column":4},"end":{"line":149,"column":77}},"28":{"start":{"line":149,"column":40},"end":{"line":149,"column":77}},"29":{"start":{"line":151,"column":4},"end":{"line":153,"column":5}},"30":{"start":{"line":152,"column":6},"end":{"line":152,"column":75}},"31":{"start":{"line":155,"column":32},"end":{"line":155,"column":57}},"32":{"start":{"line":156,"column":21},"end":{"line":156,"column":46}},"33":{"start":{"line":158,"column":21},"end":{"line":165,"column":41}},"34":{"start":{"line":166,"column":19},"end":{"line":166,"column":66}},"35":{"start":{"line":167,"column":17},"end":{"line":167,"column":31}},"36":{"start":{"line":169,"column":4},"end":{"line":169,"column":63}},"37":{"start":{"line":169,"column":15},"end":{"line":169,"column":63}},"38":{"start":{"line":171,"column":4},"end":{"line":171,"column":16}},"39":{"start":{"line":180,"column":19},"end":{"line":185,"column":17}},"40":{"start":{"line":186,"column":17},"end":{"line":186,"column":31}},"41":{"start":{"line":188,"column":4},"end":{"line":188,"column":63}},"42":{"start":{"line":188,"column":15},"end":{"line":188,"column":63}},"43":{"start":{"line":189,"column":4},"end":{"line":189,"column":16}},"44":{"start":{"line":193,"column":0},"end":{"line":193,"column":22}}},"fnMap":{"0":{"name":"(anonymous_0)","decl":{"start":{"line":24,"column":2},"end":{"line":24,"column":3}},"loc":{"start":{"line":24,"column":48},"end":{"line":50,"column":3}},"line":24},"1":{"name":"(anonymous_1)","decl":{"start":{"line":59,"column":2},"end":{"line":59,"column":3}},"loc":{"start":{"line":60,"column":70},"end":{"line":97,"column":3}},"line":60},"2":{"name":"(anonymous_2)","decl":{"start":{"line":104,"column":2},"end":{"line":104,"column":3}},"loc":{"start":{"line":104,"column":25},"end":{"line":112,"column":3}},"line":104},"3":{"name":"(anonymous_3)","decl":{"start":{"line":122,"column":2},"end":{"line":122,"column":3}},"loc":{"start":{"line":122,"column":29},"end":{"line":134,"column":3}},"line":122},"4":{"name":"(anonymous_4)","decl":{"start":{"line":148,"column":2},"end":{"line":148,"column":3}},"loc":{"start":{"line":148,"column":38},"end":{"line":172,"column":3}},"line":148},"5":{"name":"(anonymous_5)","decl":{"start":{"line":179,"column":2},"end":{"line":179,"column":3}},"loc":{"start":{"line":179,"column":32},"end":{"line":190,"column":3}},"line":179}},"branchMap":{"0":{"loc":{"start":{"line":40,"column":4},"end":{"line":47,"column":5}},"type":"if","locations":[{"start":{"line":40,"column":4},"end":{"line":47,"column":5}},{"start":{"line":40,"column":4},"end":{"line":47,"column":5}}],"line":40},"1":{"loc":{"start":{"line":43,"column":6},"end":{"line":46,"column":7}},"type":"if","locations":[{"start":{"line":43,"column":6},"end":{"line":46,"column":7}},{"start":{"line":43,"column":6},"end":{"line":46,"column":7}}],"line":43},"2":{"loc":{"start":{"line":68,"column":4},"end":{"line":70,"column":5}},"type":"if","locations":[{"start":{"line":68,"column":4},"end":{"line":70,"column":5}},{"start":{"line":68,"column":4},"end":{"line":70,"column":5}}],"line":68},"3":{"loc":{"start":{"line":131,"column":4},"end":{"line":131,"column":63}},"type":"if","locations":[{"start":{"line":131,"column":4},"end":{"line":131,"column":63}},{"start":{"line":131,"column":4},"end":{"line":131,"column":63}}],"line":131},"4":{"loc":{"start":{"line":149,"column":4},"end":{"line":149,"column":77}},"type":"if","locations":[{"start":{"line":149,"column":4},"end":{"line":149,"column":77}},{"start":{"line":149,"column":4},"end":{"line":149,"column":77}}],"line":149},"5":{"loc":{"start":{"line":151,"column":4},"end":{"line":153,"column":5}},"type":"if","locations":[{"start":{"line":151,"column":4},"end":{"line":153,"column":5}},{"start":{"line":151,"column":4},"end":{"line":153,"column":5}}],"line":151},"6":{"loc":{"start":{"line":169,"column":4},"end":{"line":169,"column":63}},"type":"if","locations":[{"start":{"line":169,"column":4},"end":{"line":169,"column":63}},{"start":{"line":169,"column":4},"end":{"line":169,"column":63}}],"line":169},"7":{"loc":{"start":{"line":188,"column":4},"end":{"line":188,"column":63}},"type":"if","locations":[{"start":{"line":188,"column":4},"end":{"line":188,"column":63}},{"start":{"line":188,"column":4},"end":{"line":188,"column":63}}],"line":188}},"s":{"0":5,"1":5,"2":5,"3":5,"4":5,"5":6,"6":6,"7":6,"8":4,"9":4,"10":2,"11":2,"12":4,"13":16,"14":16,"15":1,"16":15,"17":15,"18":14,"19":14,"20":0,"21":0,"22":0,"23":0,"24":0,"25":0,"26":0,"27":0,"28":0,"29":0,"30":0,"31":0,"32":0,"33":0,"34":0,"35":0,"36":0,"37":0,"38":0,"39":0,"40":0,"41":0,"42":0,"43":0,"44":5},"f":{"0":6,"1":16,"2":0,"3":0,"4":0,"5":0},"b":{"0":[4,2],"1":[2,2],"2":[1,15],"3":[0,0],"4":[0,0],"5":[0,0],"6":[0,0],"7":[0,0]},"_coverageSchema":"1a1c01bbd47fc00a2c39e90264f33305004495a9","hash":"49cde2c8bba946e9d80899cd0987c96917346224"}
,"/Users/nweeden/Desktop/Rithm/Rithm_Exercises/Jobly/express-jobly/routes/_testCommon.js": {"path":"/Users/nweeden/Desktop/Rithm/Rithm_Exercises/Jobly/express-jobly/routes/_testCommon.js","statementMap":{"0":{"start":{"line":3,"column":11},"end":{"line":3,"column":30}},"1":{"start":{"line":4,"column":13},"end":{"line":4,"column":38}},"2":{"start":{"line":5,"column":16},"end":{"line":5,"column":44}},"3":{"start":{"line":6,"column":12},"end":{"line":6,"column":36}},"4":{"start":{"line":7,"column":24},"end":{"line":7,"column":52}},"5":{"start":{"line":11,"column":2},"end":{"line":11,"column":38}},"6":{"start":{"line":13,"column":2},"end":{"line":13,"column":42}},"7":{"start":{"line":15,"column":2},"end":{"line":15,"column":37}},"8":{"start":{"line":17,"column":2},"end":{"line":18,"column":76}},"9":{"start":{"line":19,"column":2},"end":{"line":20,"column":76}},"10":{"start":{"line":21,"column":2},"end":{"line":22,"column":76}},"11":{"start":{"line":24,"column":2},"end":{"line":31,"column":5}},"12":{"start":{"line":32,"column":2},"end":{"line":39,"column":5}},"13":{"start":{"line":40,"column":2},"end":{"line":47,"column":5}},"14":{"start":{"line":48,"column":2},"end":{"line":55,"column":5}},"15":{"start":{"line":57,"column":2},"end":{"line":62,"column":4}},"16":{"start":{"line":64,"column":2},"end":{"line":69,"column":4}},"17":{"start":{"line":71,"column":2},"end":{"line":76,"column":4}},"18":{"start":{"line":80,"column":2},"end":{"line":80,"column":26}},"19":{"start":{"line":84,"column":2},"end":{"line":84,"column":29}},"20":{"start":{"line":88,"column":2},"end":{"line":88,"column":17}},"21":{"start":{"line":92,"column":16},"end":{"line":92,"column":64}},"22":{"start":{"line":93,"column":19},"end":{"line":93,"column":69}},"23":{"start":{"line":95,"column":0},"end":{"line":102,"column":2}}},"fnMap":{"0":{"name":"commonBeforeAll","decl":{"start":{"line":9,"column":15},"end":{"line":9,"column":30}},"loc":{"start":{"line":9,"column":33},"end":{"line":77,"column":1}},"line":9},"1":{"name":"commonBeforeEach","decl":{"start":{"line":79,"column":15},"end":{"line":79,"column":31}},"loc":{"start":{"line":79,"column":34},"end":{"line":81,"column":1}},"line":79},"2":{"name":"commonAfterEach","decl":{"start":{"line":83,"column":15},"end":{"line":83,"column":30}},"loc":{"start":{"line":83,"column":33},"end":{"line":85,"column":1}},"line":83},"3":{"name":"commonAfterAll","decl":{"start":{"line":87,"column":15},"end":{"line":87,"column":29}},"loc":{"start":{"line":87,"column":32},"end":{"line":89,"column":1}},"line":87}},"branchMap":{},"s":{"0":3,"1":3,"2":3,"3":3,"4":3,"5":3,"6":3,"7":3,"8":3,"9":3,"10":3,"11":3,"12":3,"13":3,"14":3,"15":3,"16":3,"17":3,"18":50,"19":50,"20":3,"21":3,"22":3,"23":3},"f":{"0":3,"1":50,"2":50,"3":3},"b":{},"_coverageSchema":"1a1c01bbd47fc00a2c39e90264f33305004495a9","hash":"a4e2b74043ca4f3163d5e06e96c49b99d20a6a11"}
,"/Users/nweeden/Desktop/Rithm/Rithm_Exercises/Jobly/express-jobly/routes/auth.js": {"path":"/Users/nweeden/Desktop/Rithm/Rithm_Exercises/Jobly/express-jobly/routes/auth.js","statementMap":{"0":{"start":{"line":5,"column":19},"end":{"line":5,"column":40}},"1":{"start":{"line":7,"column":13},"end":{"line":7,"column":38}},"2":{"start":{"line":8,"column":16},"end":{"line":8,"column":34}},"3":{"start":{"line":9,"column":15},"end":{"line":9,"column":35}},"4":{"start":{"line":10,"column":24},"end":{"line":10,"column":52}},"5":{"start":{"line":11,"column":23},"end":{"line":11,"column":58}},"6":{"start":{"line":12,"column":27},"end":{"line":12,"column":66}},"7":{"start":{"line":13,"column":32},"end":{"line":13,"column":76}},"8":{"start":{"line":14,"column":28},"end":{"line":14,"column":54}},"9":{"start":{"line":15,"column":24},"end":{"line":15,"column":53}},"10":{"start":{"line":24,"column":0},"end":{"line":39,"column":3}},"11":{"start":{"line":25,"column":2},"end":{"line":38,"column":3}},"12":{"start":{"line":26,"column":22},"end":{"line":26,"column":67}},"13":{"start":{"line":27,"column":4},"end":{"line":30,"column":5}},"14":{"start":{"line":28,"column":19},"end":{"line":28,"column":53}},"15":{"start":{"line":28,"column":45},"end":{"line":28,"column":52}},"16":{"start":{"line":29,"column":6},"end":{"line":29,"column":38}},"17":{"start":{"line":32,"column":35},"end":{"line":32,"column":43}},"18":{"start":{"line":33,"column":17},"end":{"line":33,"column":60}},"19":{"start":{"line":34,"column":18},"end":{"line":34,"column":35}},"20":{"start":{"line":35,"column":4},"end":{"line":35,"column":31}},"21":{"start":{"line":37,"column":4},"end":{"line":37,"column":21}},"22":{"start":{"line":51,"column":0},"end":{"line":65,"column":3}},"23":{"start":{"line":52,"column":2},"end":{"line":64,"column":3}},"24":{"start":{"line":53,"column":22},"end":{"line":53,"column":76}},"25":{"start":{"line":54,"column":4},"end":{"line":57,"column":5}},"26":{"start":{"line":55,"column":19},"end":{"line":55,"column":53}},"27":{"start":{"line":55,"column":45},"end":{"line":55,"column":52}},"28":{"start":{"line":56,"column":6},"end":{"line":56,"column":38}},"29":{"start":{"line":59,"column":20},"end":{"line":59,"column":73}},"30":{"start":{"line":60,"column":18},"end":{"line":60,"column":38}},"31":{"start":{"line":61,"column":4},"end":{"line":61,"column":43}},"32":{"start":{"line":63,"column":4},"end":{"line":63,"column":21}},"33":{"start":{"line":76,"column":0},"end":{"line":90,"column":3}},"34":{"start":{"line":77,"column":2},"end":{"line":89,"column":3}},"35":{"start":{"line":78,"column":22},"end":{"line":78,"column":71}},"36":{"start":{"line":79,"column":4},"end":{"line":82,"column":5}},"37":{"start":{"line":80,"column":19},"end":{"line":80,"column":53}},"38":{"start":{"line":80,"column":45},"end":{"line":80,"column":52}},"39":{"start":{"line":81,"column":6},"end":{"line":81,"column":38}},"40":{"start":{"line":84,"column":20},"end":{"line":84,"column":55}},"41":{"start":{"line":85,"column":18},"end":{"line":85,"column":38}},"42":{"start":{"line":86,"column":4},"end":{"line":86,"column":43}},"43":{"start":{"line":88,"column":4},"end":{"line":88,"column":21}},"44":{"start":{"line":93,"column":0},"end":{"line":93,"column":24}}},"fnMap":{"0":{"name":"(anonymous_0)","decl":{"start":{"line":24,"column":22},"end":{"line":24,"column":23}},"loc":{"start":{"line":24,"column":54},"end":{"line":39,"column":1}},"line":24},"1":{"name":"(anonymous_1)","decl":{"start":{"line":28,"column":40},"end":{"line":28,"column":41}},"loc":{"start":{"line":28,"column":45},"end":{"line":28,"column":52}},"line":28},"2":{"name":"(anonymous_2)","decl":{"start":{"line":51,"column":38},"end":{"line":51,"column":39}},"loc":{"start":{"line":51,"column":70},"end":{"line":65,"column":1}},"line":51},"3":{"name":"(anonymous_3)","decl":{"start":{"line":55,"column":40},"end":{"line":55,"column":41}},"loc":{"start":{"line":55,"column":45},"end":{"line":55,"column":52}},"line":55},"4":{"name":"(anonymous_4)","decl":{"start":{"line":76,"column":31},"end":{"line":76,"column":32}},"loc":{"start":{"line":76,"column":63},"end":{"line":90,"column":1}},"line":76},"5":{"name":"(anonymous_5)","decl":{"start":{"line":80,"column":40},"end":{"line":80,"column":41}},"loc":{"start":{"line":80,"column":45},"end":{"line":80,"column":52}},"line":80}},"branchMap":{"0":{"loc":{"start":{"line":27,"column":4},"end":{"line":30,"column":5}},"type":"if","locations":[{"start":{"line":27,"column":4},"end":{"line":30,"column":5}},{"start":{"line":27,"column":4},"end":{"line":30,"column":5}}],"line":27},"1":{"loc":{"start":{"line":54,"column":4},"end":{"line":57,"column":5}},"type":"if","locations":[{"start":{"line":54,"column":4},"end":{"line":57,"column":5}},{"start":{"line":54,"column":4},"end":{"line":57,"column":5}}],"line":54},"2":{"loc":{"start":{"line":79,"column":4},"end":{"line":82,"column":5}},"type":"if","locations":[{"start":{"line":79,"column":4},"end":{"line":82,"column":5}},{"start":{"line":79,"column":4},"end":{"line":82,"column":5}}],"line":79}},"s":{"0":4,"1":4,"2":4,"3":4,"4":4,"5":4,"6":4,"7":4,"8":4,"9":4,"10":4,"11":5,"12":5,"13":5,"14":2,"15":2,"16":2,"17":3,"18":3,"19":1,"20":1,"21":4,"22":4,"23":0,"24":0,"25":0,"26":0,"27":0,"28":0,"29":0,"30":0,"31":0,"32":0,"33":4,"34":0,"35":0,"36":0,"37":0,"38":0,"39":0,"40":0,"41":0,"42":0,"43":0,"44":4},"f":{"0":5,"1":2,"2":0,"3":0,"4":0,"5":0},"b":{"0":[2,3],"1":[0,0],"2":[0,0]},"_coverageSchema":"1a1c01bbd47fc00a2c39e90264f33305004495a9","hash":"854a107d1f912519ea392a1272a4cfc3d64157ad"}
,"/Users/nweeden/Desktop/Rithm/Rithm_Exercises/Jobly/express-jobly/routes/companies.js": {"path":"/Users/nweeden/Desktop/Rithm/Rithm_Exercises/Jobly/express-jobly/routes/companies.js","statementMap":{"0":{"start":{"line":5,"column":19},"end":{"line":5,"column":40}},"1":{"start":{"line":6,"column":16},"end":{"line":6,"column":34}},"2":{"start":{"line":8,"column":28},"end":{"line":8,"column":54}},"3":{"start":{"line":9,"column":40},"end":{"line":9,"column":69}},"4":{"start":{"line":10,"column":16},"end":{"line":10,"column":44}},"5":{"start":{"line":12,"column":25},"end":{"line":12,"column":62}},"6":{"start":{"line":13,"column":28},"end":{"line":13,"column":68}},"7":{"start":{"line":14,"column":25},"end":{"line":14,"column":62}},"8":{"start":{"line":16,"column":15},"end":{"line":16,"column":35}},"9":{"start":{"line":28,"column":0},"end":{"line":41,"column":3}},"10":{"start":{"line":29,"column":0},"end":{"line":40,"column":3}},"11":{"start":{"line":30,"column":20},"end":{"line":30,"column":67}},"12":{"start":{"line":31,"column":2},"end":{"line":34,"column":3}},"13":{"start":{"line":32,"column":17},"end":{"line":32,"column":51}},"14":{"start":{"line":32,"column":43},"end":{"line":32,"column":50}},"15":{"start":{"line":33,"column":4},"end":{"line":33,"column":36}},"16":{"start":{"line":36,"column":20},"end":{"line":36,"column":51}},"17":{"start":{"line":37,"column":4},"end":{"line":37,"column":35}},"18":{"start":{"line":39,"column":4},"end":{"line":39,"column":21}},"19":{"start":{"line":51,"column":0},"end":{"line":58,"column":3}},"20":{"start":{"line":52,"column":2},"end":{"line":57,"column":3}},"21":{"start":{"line":53,"column":20},"end":{"line":53,"column":56}},"22":{"start":{"line":54,"column":4},"end":{"line":54,"column":33}},"23":{"start":{"line":56,"column":4},"end":{"line":56,"column":21}},"24":{"start":{"line":69,"column":0},"end":{"line":82,"column":3}},"25":{"start":{"line":70,"column":2},"end":{"line":81,"column":3}},"26":{"start":{"line":71,"column":22},"end":{"line":71,"column":69}},"27":{"start":{"line":72,"column":4},"end":{"line":75,"column":5}},"28":{"start":{"line":73,"column":19},"end":{"line":73,"column":53}},"29":{"start":{"line":73,"column":45},"end":{"line":73,"column":52}},"30":{"start":{"line":74,"column":6},"end":{"line":74,"column":38}},"31":{"start":{"line":77,"column":20},"end":{"line":77,"column":50}},"32":{"start":{"line":78,"column":4},"end":{"line":78,"column":45}},"33":{"start":{"line":80,"column":4},"end":{"line":80,"column":21}},"34":{"start":{"line":95,"column":0},"end":{"line":108,"column":3}},"35":{"start":{"line":96,"column":2},"end":{"line":107,"column":3}},"36":{"start":{"line":97,"column":22},"end":{"line":97,"column":72}},"37":{"start":{"line":98,"column":4},"end":{"line":101,"column":5}},"38":{"start":{"line":99,"column":19},"end":{"line":99,"column":53}},"39":{"start":{"line":99,"column":45},"end":{"line":99,"column":52}},"40":{"start":{"line":100,"column":6},"end":{"line":100,"column":38}},"41":{"start":{"line":103,"column":20},"end":{"line":103,"column":69}},"42":{"start":{"line":104,"column":4},"end":{"line":104,"column":33}},"43":{"start":{"line":106,"column":4},"end":{"line":106,"column":21}},"44":{"start":{"line":115,"column":0},"end":{"line":122,"column":3}},"45":{"start":{"line":116,"column":2},"end":{"line":121,"column":3}},"46":{"start":{"line":117,"column":4},"end":{"line":117,"column":44}},"47":{"start":{"line":118,"column":4},"end":{"line":118,"column":52}},"48":{"start":{"line":120,"column":4},"end":{"line":120,"column":21}},"49":{"start":{"line":125,"column":0},"end":{"line":125,"column":24}}},"fnMap":{"0":{"name":"(anonymous_0)","decl":{"start":{"line":28,"column":16},"end":{"line":28,"column":17}},"loc":{"start":{"line":28,"column":48},"end":{"line":41,"column":1}},"line":28},"1":{"name":"(anonymous_1)","decl":{"start":{"line":32,"column":38},"end":{"line":32,"column":39}},"loc":{"start":{"line":32,"column":43},"end":{"line":32,"column":50}},"line":32},"2":{"name":"(anonymous_2)","decl":{"start":{"line":51,"column":23},"end":{"line":51,"column":24}},"loc":{"start":{"line":51,"column":55},"end":{"line":58,"column":1}},"line":51},"3":{"name":"(anonymous_3)","decl":{"start":{"line":69,"column":30},"end":{"line":69,"column":31}},"loc":{"start":{"line":69,"column":62},"end":{"line":82,"column":1}},"line":69},"4":{"name":"(anonymous_4)","decl":{"start":{"line":73,"column":40},"end":{"line":73,"column":41}},"loc":{"start":{"line":73,"column":45},"end":{"line":73,"column":52}},"line":73},"5":{"name":"(anonymous_5)","decl":{"start":{"line":95,"column":38},"end":{"line":95,"column":39}},"loc":{"start":{"line":95,"column":70},"end":{"line":108,"column":1}},"line":95},"6":{"name":"(anonymous_6)","decl":{"start":{"line":99,"column":40},"end":{"line":99,"column":41}},"loc":{"start":{"line":99,"column":45},"end":{"line":99,"column":52}},"line":99},"7":{"name":"(anonymous_7)","decl":{"start":{"line":115,"column":39},"end":{"line":115,"column":40}},"loc":{"start":{"line":115,"column":71},"end":{"line":122,"column":1}},"line":115}},"branchMap":{"0":{"loc":{"start":{"line":31,"column":2},"end":{"line":34,"column":3}},"type":"if","locations":[{"start":{"line":31,"column":2},"end":{"line":34,"column":3}},{"start":{"line":31,"column":2},"end":{"line":34,"column":3}}],"line":31},"1":{"loc":{"start":{"line":72,"column":4},"end":{"line":75,"column":5}},"type":"if","locations":[{"start":{"line":72,"column":4},"end":{"line":75,"column":5}},{"start":{"line":72,"column":4},"end":{"line":75,"column":5}}],"line":72},"2":{"loc":{"start":{"line":98,"column":4},"end":{"line":101,"column":5}},"type":"if","locations":[{"start":{"line":98,"column":4},"end":{"line":101,"column":5}},{"start":{"line":98,"column":4},"end":{"line":101,"column":5}}],"line":98}},"s":{"0":4,"1":4,"2":4,"3":4,"4":4,"5":4,"6":4,"7":4,"8":4,"9":4,"10":4,"11":4,"12":4,"13":2,"14":2,"15":2,"16":2,"17":1,"18":3,"19":4,"20":2,"21":2,"22":1,"23":1,"24":4,"25":3,"26":3,"27":3,"28":2,"29":3,"30":2,"31":1,"32":1,"33":2,"34":4,"35":3,"36":3,"37":3,"38":2,"39":2,"40":2,"41":1,"42":1,"43":2,"44":4,"45":2,"46":2,"47":1,"48":1,"49":4},"f":{"0":4,"1":2,"2":2,"3":3,"4":3,"5":3,"6":2,"7":2},"b":{"0":[2,2],"1":[2,1],"2":[2,1]},"_coverageSchema":"1a1c01bbd47fc00a2c39e90264f33305004495a9","hash":"ffc6a43a9b6826a67276ccd7ae37592c58ab1e46"}
,"/Users/nweeden/Desktop/Rithm/Rithm_Exercises/Jobly/express-jobly/routes/jobs.js": {"path":"/Users/nweeden/Desktop/Rithm/Rithm_Exercises/Jobly/express-jobly/routes/jobs.js","statementMap":{"0":{"start":{"line":5,"column":19},"end":{"line":5,"column":40}},"1":{"start":{"line":6,"column":16},"end":{"line":6,"column":34}},"2":{"start":{"line":8,"column":28},"end":{"line":8,"column":54}},"3":{"start":{"line":9,"column":40},"end":{"line":9,"column":69}},"4":{"start":{"line":10,"column":12},"end":{"line":10,"column":36}},"5":{"start":{"line":12,"column":21},"end":{"line":12,"column":54}},"6":{"start":{"line":13,"column":24},"end":{"line":13,"column":60}},"7":{"start":{"line":14,"column":21},"end":{"line":14,"column":54}},"8":{"start":{"line":17,"column":15},"end":{"line":17,"column":35}},"9":{"start":{"line":30,"column":0},"end":{"line":43,"column":3}},"10":{"start":{"line":31,"column":0},"end":{"line":42,"column":3}},"11":{"start":{"line":32,"column":20},"end":{"line":32,"column":63}},"12":{"start":{"line":33,"column":2},"end":{"line":36,"column":3}},"13":{"start":{"line":34,"column":17},"end":{"line":34,"column":51}},"14":{"start":{"line":34,"column":43},"end":{"line":34,"column":50}},"15":{"start":{"line":35,"column":4},"end":{"line":35,"column":36}},"16":{"start":{"line":38,"column":15},"end":{"line":38,"column":42}},"17":{"start":{"line":39,"column":4},"end":{"line":39,"column":30}},"18":{"start":{"line":41,"column":4},"end":{"line":41,"column":21}},"19":{"start":{"line":52,"column":0},"end":{"line":59,"column":3}},"20":{"start":{"line":53,"column":2},"end":{"line":58,"column":3}},"21":{"start":{"line":54,"column":16},"end":{"line":54,"column":44}},"22":{"start":{"line":55,"column":4},"end":{"line":55,"column":29}},"23":{"start":{"line":57,"column":4},"end":{"line":57,"column":21}},"24":{"start":{"line":70,"column":0},"end":{"line":83,"column":3}},"25":{"start":{"line":71,"column":2},"end":{"line":82,"column":3}},"26":{"start":{"line":72,"column":22},"end":{"line":72,"column":65}},"27":{"start":{"line":73,"column":4},"end":{"line":76,"column":5}},"28":{"start":{"line":74,"column":19},"end":{"line":74,"column":53}},"29":{"start":{"line":74,"column":45},"end":{"line":74,"column":52}},"30":{"start":{"line":75,"column":6},"end":{"line":75,"column":38}},"31":{"start":{"line":78,"column":16},"end":{"line":78,"column":42}},"32":{"start":{"line":79,"column":4},"end":{"line":79,"column":41}},"33":{"start":{"line":81,"column":4},"end":{"line":81,"column":21}},"34":{"start":{"line":96,"column":0},"end":{"line":109,"column":3}},"35":{"start":{"line":97,"column":2},"end":{"line":108,"column":3}},"36":{"start":{"line":98,"column":22},"end":{"line":98,"column":68}},"37":{"start":{"line":99,"column":4},"end":{"line":102,"column":5}},"38":{"start":{"line":100,"column":19},"end":{"line":100,"column":53}},"39":{"start":{"line":100,"column":45},"end":{"line":100,"column":52}},"40":{"start":{"line":101,"column":6},"end":{"line":101,"column":38}},"41":{"start":{"line":104,"column":16},"end":{"line":104,"column":57}},"42":{"start":{"line":105,"column":4},"end":{"line":105,"column":29}},"43":{"start":{"line":107,"column":4},"end":{"line":107,"column":21}},"44":{"start":{"line":116,"column":0},"end":{"line":124,"column":3}},"45":{"start":{"line":118,"column":2},"end":{"line":123,"column":3}},"46":{"start":{"line":119,"column":16},"end":{"line":119,"column":47}},"47":{"start":{"line":120,"column":4},"end":{"line":120,"column":38}},"48":{"start":{"line":122,"column":4},"end":{"line":122,"column":21}},"49":{"start":{"line":127,"column":0},"end":{"line":127,"column":24}}},"fnMap":{"0":{"name":"(anonymous_0)","decl":{"start":{"line":30,"column":16},"end":{"line":30,"column":17}},"loc":{"start":{"line":30,"column":48},"end":{"line":43,"column":1}},"line":30},"1":{"name":"(anonymous_1)","decl":{"start":{"line":34,"column":38},"end":{"line":34,"column":39}},"loc":{"start":{"line":34,"column":43},"end":{"line":34,"column":50}},"line":34},"2":{"name":"(anonymous_2)","decl":{"start":{"line":52,"column":19},"end":{"line":52,"column":20}},"loc":{"start":{"line":52,"column":51},"end":{"line":59,"column":1}},"line":52},"3":{"name":"(anonymous_3)","decl":{"start":{"line":70,"column":30},"end":{"line":70,"column":31}},"loc":{"start":{"line":70,"column":62},"end":{"line":83,"column":1}},"line":70},"4":{"name":"(anonymous_4)","decl":{"start":{"line":74,"column":40},"end":{"line":74,"column":41}},"loc":{"start":{"line":74,"column":45},"end":{"line":74,"column":52}},"line":74},"5":{"name":"(anonymous_5)","decl":{"start":{"line":96,"column":34},"end":{"line":96,"column":35}},"loc":{"start":{"line":96,"column":66},"end":{"line":109,"column":1}},"line":96},"6":{"name":"(anonymous_6)","decl":{"start":{"line":100,"column":40},"end":{"line":100,"column":41}},"loc":{"start":{"line":100,"column":45},"end":{"line":100,"column":52}},"line":100},"7":{"name":"(anonymous_7)","decl":{"start":{"line":116,"column":35},"end":{"line":116,"column":36}},"loc":{"start":{"line":116,"column":67},"end":{"line":124,"column":1}},"line":116}},"branchMap":{"0":{"loc":{"start":{"line":33,"column":2},"end":{"line":36,"column":3}},"type":"if","locations":[{"start":{"line":33,"column":2},"end":{"line":36,"column":3}},{"start":{"line":33,"column":2},"end":{"line":36,"column":3}}],"line":33},"1":{"loc":{"start":{"line":73,"column":4},"end":{"line":76,"column":5}},"type":"if","locations":[{"start":{"line":73,"column":4},"end":{"line":76,"column":5}},{"start":{"line":73,"column":4},"end":{"line":76,"column":5}}],"line":73},"2":{"loc":{"start":{"line":99,"column":4},"end":{"line":102,"column":5}},"type":"if","locations":[{"start":{"line":99,"column":4},"end":{"line":102,"column":5}},{"start":{"line":99,"column":4},"end":{"line":102,"column":5}}],"line":99}},"s":{"0":4,"1":4,"2":4,"3":4,"4":4,"5":4,"6":4,"7":4,"8":4,"9":4,"10":6,"11":6,"12":6,"13":1,"14":1,"15":1,"16":5,"17":4,"18":2,"19":4,"20":2,"21":2,"22":1,"23":1,"24":4,"25":3,"26":3,"27":3,"28":2,"29":2,"30":2,"31":1,"32":1,"33":2,"34":4,"35":3,"36":3,"37":3,"38":2,"39":2,"40":2,"41":1,"42":1,"43":2,"44":4,"45":2,"46":2,"47":1,"48":1,"49":4},"f":{"0":6,"1":1,"2":2,"3":3,"4":2,"5":3,"6":2,"7":2},"b":{"0":[1,5],"1":[2,1],"2":[2,1]},"_coverageSchema":"1a1c01bbd47fc00a2c39e90264f33305004495a9","hash":"c5daf0ab3457db6d68c9a61534a72c3bbe97ecac"}
}
