{"/Users/nweeden/Desktop/Rithm/Rithm_Exercises/Jobly/express-jobly/app.js": {"path":"/Users/nweeden/Desktop/Rithm/Rithm_Exercises/Jobly/express-jobly/app.js","statementMap":{"0":{"start":{"line":5,"column":16},"end":{"line":5,"column":34}},"1":{"start":{"line":7,"column":26},"end":{"line":7,"column":51}},"2":{"start":{"line":9,"column":28},"end":{"line":9,"column":56}},"3":{"start":{"line":10,"column":24},"end":{"line":10,"column":53}},"4":{"start":{"line":11,"column":19},"end":{"line":11,"column":43}},"5":{"start":{"line":13,"column":15},"end":{"line":13,"column":32}},"6":{"start":{"line":15,"column":12},"end":{"line":15,"column":21}},"7":{"start":{"line":17,"column":0},"end":{"line":17,"column":24}},"8":{"start":{"line":18,"column":0},"end":{"line":18,"column":24}},"9":{"start":{"line":19,"column":0},"end":{"line":19,"column":25}},"10":{"start":{"line":21,"column":0},"end":{"line":21,"column":39}},"11":{"start":{"line":22,"column":0},"end":{"line":22,"column":29}},"12":{"start":{"line":26,"column":0},"end":{"line":28,"column":3}},"13":{"start":{"line":27,"column":2},"end":{"line":27,"column":35}},"14":{"start":{"line":31,"column":0},"end":{"line":39,"column":3}},"15":{"start":{"line":32,"column":2},"end":{"line":32,"column":64}},"16":{"start":{"line":32,"column":39},"end":{"line":32,"column":64}},"17":{"start":{"line":33,"column":17},"end":{"line":33,"column":34}},"18":{"start":{"line":34,"column":18},"end":{"line":34,"column":29}},"19":{"start":{"line":36,"column":2},"end":{"line":38,"column":5}},"20":{"start":{"line":41,"column":0},"end":{"line":41,"column":21}}},"fnMap":{"0":{"name":"(anonymous_0)","decl":{"start":{"line":26,"column":8},"end":{"line":26,"column":9}},"loc":{"start":{"line":26,"column":34},"end":{"line":28,"column":1}},"line":26},"1":{"name":"(anonymous_1)","decl":{"start":{"line":31,"column":8},"end":{"line":31,"column":9}},"loc":{"start":{"line":31,"column":39},"end":{"line":39,"column":1}},"line":31}},"branchMap":{"0":{"loc":{"start":{"line":32,"column":2},"end":{"line":32,"column":64}},"type":"if","locations":[{"start":{"line":32,"column":2},"end":{"line":32,"column":64}},{"start":{"line":32,"column":2},"end":{"line":32,"column":64}}],"line":32},"1":{"loc":{"start":{"line":33,"column":17},"end":{"line":33,"column":34}},"type":"binary-expr","locations":[{"start":{"line":33,"column":17},"end":{"line":33,"column":27}},{"start":{"line":33,"column":31},"end":{"line":33,"column":34}}],"line":33}},"s":{"0":3,"1":3,"2":3,"3":3,"4":3,"5":3,"6":3,"7":3,"8":3,"9":3,"10":3,"11":3,"12":3,"13":1,"14":3,"15":22,"16":0,"17":22,"18":22,"19":22,"20":3},"f":{"0":1,"1":22},"b":{"0":[0,22],"1":[22,1]},"_coverageSchema":"1a1c01bbd47fc00a2c39e90264f33305004495a9","hash":"4cf1ecb6ea9a7a4b5a0979787c8196af16a6d569"}
,"/Users/nweeden/Desktop/Rithm/Rithm_Exercises/Jobly/express-jobly/config.js": {"path":"/Users/nweeden/Desktop/Rithm/Rithm_Exercises/Jobly/express-jobly/config.js","statementMap":{"0":{"start":{"line":5,"column":0},"end":{"line":5,"column":27}},"1":{"start":{"line":7,"column":19},"end":{"line":7,"column":57}},"2":{"start":{"line":9,"column":13},"end":{"line":9,"column":38}},"3":{"start":{"line":13,"column":15},"end":{"line":15,"column":41}},"4":{"start":{"line":20,"column":27},"end":{"line":20,"column":67}},"5":{"start":{"line":23,"column":0},"end":{"line":28,"column":2}}},"fnMap":{},"branchMap":{"0":{"loc":{"start":{"line":7,"column":19},"end":{"line":7,"column":57}},"type":"binary-expr","locations":[{"start":{"line":7,"column":19},"end":{"line":7,"column":41}},{"start":{"line":7,"column":45},"end":{"line":7,"column":57}}],"line":7},"1":{"loc":{"start":{"line":9,"column":13},"end":{"line":9,"column":38}},"type":"binary-expr","locations":[{"start":{"line":9,"column":13},"end":{"line":9,"column":30}},{"start":{"line":9,"column":34},"end":{"line":9,"column":38}}],"line":9},"2":{"loc":{"start":{"line":13,"column":15},"end":{"line":15,"column":41}},"type":"cond-expr","locations":[{"start":{"line":14,"column":6},"end":{"line":14,"column":18}},{"start":{"line":15,"column":6},"end":{"line":15,"column":41}}],"line":13},"3":{"loc":{"start":{"line":15,"column":6},"end":{"line":15,"column":41}},"type":"binary-expr","locations":[{"start":{"line":15,"column":6},"end":{"line":15,"column":30}},{"start":{"line":15,"column":34},"end":{"line":15,"column":41}}],"line":15},"4":{"loc":{"start":{"line":20,"column":27},"end":{"line":20,"column":67}},"type":"cond-expr","locations":[{"start":{"line":20,"column":61},"end":{"line":20,"column":62}},{"start":{"line":20,"column":65},"end":{"line":20,"column":67}}],"line":20}},"s":{"0":6,"1":6,"2":6,"3":6,"4":6,"5":6},"f":{},"b":{"0":[6,6],"1":[6,6],"2":[6,0],"3":[0,0],"4":[6,0]},"_coverageSchema":"1a1c01bbd47fc00a2c39e90264f33305004495a9","hash":"33303da7167d8ac60e02c959e6450fe876d74685"}
,"/Users/nweeden/Desktop/Rithm/Rithm_Exercises/Jobly/express-jobly/db.js": {"path":"/Users/nweeden/Desktop/Rithm/Rithm_Exercises/Jobly/express-jobly/db.js","statementMap":{"0":{"start":{"line":5,"column":19},"end":{"line":5,"column":32}},"1":{"start":{"line":6,"column":19},"end":{"line":6,"column":38}},"2":{"start":{"line":8,"column":11},"end":{"line":10,"column":2}},"3":{"start":{"line":12,"column":0},"end":{"line":12,"column":13}},"4":{"start":{"line":14,"column":0},"end":{"line":14,"column":20}}},"fnMap":{},"branchMap":{},"s":{"0":5,"1":5,"2":5,"3":5,"4":5},"f":{},"b":{},"_coverageSchema":"1a1c01bbd47fc00a2c39e90264f33305004495a9","hash":"75297012c0a793a8b59cc7cb894bc7afabfba70b"}
,"/Users/nweeden/Desktop/Rithm/Rithm_Exercises/Jobly/express-jobly/expressError.js": {"path":"/Users/nweeden/Desktop/Rithm/Rithm_Exercises/Jobly/express-jobly/expressError.js","statementMap":{"0":{"start":{"line":9,"column":4},"end":{"line":9,"column":12}},"1":{"start":{"line":10,"column":4},"end":{"line":10,"column":27}},"2":{"start":{"line":11,"column":4},"end":{"line":11,"column":25}},"3":{"start":{"line":19,"column":4},"end":{"line":19,"column":24}},"4":{"start":{"line":27,"column":4},"end":{"line":27,"column":24}},"5":{"start":{"line":35,"column":4},"end":{"line":35,"column":24}},"6":{"start":{"line":43,"column":4},"end":{"line":43,"column":24}},"7":{"start":{"line":47,"column":0},"end":{"line":53,"column":2}}},"fnMap":{"0":{"name":"(anonymous_0)","decl":{"start":{"line":8,"column":2},"end":{"line":8,"column":3}},"loc":{"start":{"line":8,"column":31},"end":{"line":12,"column":3}},"line":8},"1":{"name":"(anonymous_1)","decl":{"start":{"line":18,"column":2},"end":{"line":18,"column":3}},"loc":{"start":{"line":18,"column":37},"end":{"line":20,"column":3}},"line":18},"2":{"name":"(anonymous_2)","decl":{"start":{"line":26,"column":2},"end":{"line":26,"column":3}},"loc":{"start":{"line":26,"column":40},"end":{"line":28,"column":3}},"line":26},"3":{"name":"(anonymous_3)","decl":{"start":{"line":34,"column":2},"end":{"line":34,"column":3}},"loc":{"start":{"line":34,"column":39},"end":{"line":36,"column":3}},"line":34},"4":{"name":"(anonymous_4)","decl":{"start":{"line":42,"column":2},"end":{"line":42,"column":3}},"loc":{"start":{"line":42,"column":39},"end":{"line":44,"column":3}},"line":42}},"branchMap":{"0":{"loc":{"start":{"line":18,"column":14},"end":{"line":18,"column":35}},"type":"default-arg","locations":[{"start":{"line":18,"column":24},"end":{"line":18,"column":35}}],"line":18},"1":{"loc":{"start":{"line":26,"column":14},"end":{"line":26,"column":38}},"type":"default-arg","locations":[{"start":{"line":26,"column":24},"end":{"line":26,"column":38}}],"line":26},"2":{"loc":{"start":{"line":34,"column":14},"end":{"line":34,"column":37}},"type":"default-arg","locations":[{"start":{"line":34,"column":24},"end":{"line":34,"column":37}}],"line":34},"3":{"loc":{"start":{"line":42,"column":14},"end":{"line":42,"column":37}},"type":"default-arg","locations":[{"start":{"line":42,"column":24},"end":{"line":42,"column":37}}],"line":42}},"s":{"0":33,"1":33,"2":33,"3":6,"4":13,"5":14,"6":0,"7":7},"f":{"0":33,"1":6,"2":13,"3":14,"4":0},"b":{"0":[1],"1":[9],"2":[0],"3":[0]},"_coverageSchema":"1a1c01bbd47fc00a2c39e90264f33305004495a9","hash":"4ca5213304724e47bee31733125f0f14a5cf4f33"}
,"/Users/nweeden/Desktop/Rithm/Rithm_Exercises/Jobly/express-jobly/helpers/sql.js": {"path":"/Users/nweeden/Desktop/Rithm/Rithm_Exercises/Jobly/express-jobly/helpers/sql.js","statementMap":{"0":{"start":{"line":1,"column":28},"end":{"line":1,"column":54}},"1":{"start":{"line":11,"column":15},"end":{"line":12,"column":41}},"2":{"start":{"line":12,"column":20},"end":{"line":12,"column":40}},"3":{"start":{"line":14,"column":2},"end":{"line":17,"column":4}},"4":{"start":{"line":31,"column":2},"end":{"line":31,"column":51}},"5":{"start":{"line":32,"column":2},"end":{"line":36,"column":3}},"6":{"start":{"line":33,"column":4},"end":{"line":35,"column":5}},"7":{"start":{"line":34,"column":6},"end":{"line":34,"column":65}},"8":{"start":{"line":38,"column":26},"end":{"line":38,"column":27}},"9":{"start":{"line":39,"column":20},"end":{"line":39,"column":27}},"10":{"start":{"line":40,"column":15},"end":{"line":40,"column":17}},"11":{"start":{"line":42,"column":2},"end":{"line":47,"column":3}},"12":{"start":{"line":43,"column":4},"end":{"line":43,"column":59}},"13":{"start":{"line":44,"column":4},"end":{"line":44,"column":24}},"14":{"start":{"line":45,"column":22},"end":{"line":45,"column":50}},"15":{"start":{"line":46,"column":4},"end":{"line":46,"column":29}},"16":{"start":{"line":49,"column":2},"end":{"line":53,"column":3}},"17":{"start":{"line":50,"column":4},"end":{"line":50,"column":65}},"18":{"start":{"line":51,"column":4},"end":{"line":51,"column":24}},"19":{"start":{"line":52,"column":4},"end":{"line":52,"column":42}},"20":{"start":{"line":55,"column":2},"end":{"line":58,"column":3}},"21":{"start":{"line":56,"column":4},"end":{"line":56,"column":65}},"22":{"start":{"line":57,"column":4},"end":{"line":57,"column":42}},"23":{"start":{"line":60,"column":20},"end":{"line":60,"column":22}},"24":{"start":{"line":61,"column":2},"end":{"line":61,"column":48}},"25":{"start":{"line":64,"column":2},"end":{"line":64,"column":31}},"26":{"start":{"line":67,"column":0},"end":{"line":67,"column":58}}},"fnMap":{"0":{"name":"sqlForPartialUpdate","decl":{"start":{"line":10,"column":9},"end":{"line":10,"column":28}},"loc":{"start":{"line":10,"column":43},"end":{"line":18,"column":1}},"line":10},"1":{"name":"(anonymous_1)","decl":{"start":{"line":12,"column":6},"end":{"line":12,"column":7}},"loc":{"start":{"line":12,"column":20},"end":{"line":12,"column":40}},"line":12},"2":{"name":"sqlForFiltering","decl":{"start":{"line":30,"column":9},"end":{"line":30,"column":24}},"loc":{"start":{"line":30,"column":38},"end":{"line":65,"column":1}},"line":30}},"branchMap":{"0":{"loc":{"start":{"line":32,"column":2},"end":{"line":36,"column":3}},"type":"if","locations":[{"start":{"line":32,"column":2},"end":{"line":36,"column":3}},{"start":{"line":32,"column":2},"end":{"line":36,"column":3}}],"line":32},"1":{"loc":{"start":{"line":32,"column":6},"end":{"line":32,"column":58}},"type":"binary-expr","locations":[{"start":{"line":32,"column":6},"end":{"line":32,"column":30}},{"start":{"line":32,"column":34},"end":{"line":32,"column":58}}],"line":32},"2":{"loc":{"start":{"line":33,"column":4},"end":{"line":35,"column":5}},"type":"if","locations":[{"start":{"line":33,"column":4},"end":{"line":35,"column":5}},{"start":{"line":33,"column":4},"end":{"line":35,"column":5}}],"line":33},"3":{"loc":{"start":{"line":42,"column":2},"end":{"line":47,"column":3}},"type":"if","locations":[{"start":{"line":42,"column":2},"end":{"line":47,"column":3}},{"start":{"line":42,"column":2},"end":{"line":47,"column":3}}],"line":42},"4":{"loc":{"start":{"line":49,"column":2},"end":{"line":53,"column":3}},"type":"if","locations":[{"start":{"line":49,"column":2},"end":{"line":53,"column":3}},{"start":{"line":49,"column":2},"end":{"line":53,"column":3}}],"line":49},"5":{"loc":{"start":{"line":55,"column":2},"end":{"line":58,"column":3}},"type":"if","locations":[{"start":{"line":55,"column":2},"end":{"line":58,"column":3}},{"start":{"line":55,"column":2},"end":{"line":58,"column":3}}],"line":55}},"s":{"0":5,"1":6,"2":8,"3":6,"4":10,"5":10,"6":2,"7":2,"8":8,"9":8,"10":8,"11":8,"12":4,"13":4,"14":4,"15":4,"16":8,"17":3,"18":3,"19":3,"20":8,"21":2,"22":2,"23":8,"24":8,"25":8,"26":5},"f":{"0":6,"1":8,"2":10},"b":{"0":[2,8],"1":[10,5],"2":[2,0],"3":[4,4],"4":[3,5],"5":[2,6]},"_coverageSchema":"1a1c01bbd47fc00a2c39e90264f33305004495a9","hash":"fec476c2c2dbe8cb9eab0d7f3513963f4336a210"}
,"/Users/nweeden/Desktop/Rithm/Rithm_Exercises/Jobly/express-jobly/helpers/tokens.js": {"path":"/Users/nweeden/Desktop/Rithm/Rithm_Exercises/Jobly/express-jobly/helpers/tokens.js","statementMap":{"0":{"start":{"line":1,"column":12},"end":{"line":1,"column":35}},"1":{"start":{"line":2,"column":23},"end":{"line":2,"column":43}},"2":{"start":{"line":7,"column":2},"end":{"line":8,"column":59}},"3":{"start":{"line":10,"column":16},"end":{"line":13,"column":3}},"4":{"start":{"line":15,"column":2},"end":{"line":15,"column":39}},"5":{"start":{"line":18,"column":0},"end":{"line":18,"column":33}}},"fnMap":{"0":{"name":"createToken","decl":{"start":{"line":6,"column":9},"end":{"line":6,"column":20}},"loc":{"start":{"line":6,"column":27},"end":{"line":16,"column":1}},"line":6}},"branchMap":{"0":{"loc":{"start":{"line":12,"column":14},"end":{"line":12,"column":36}},"type":"binary-expr","locations":[{"start":{"line":12,"column":14},"end":{"line":12,"column":27}},{"start":{"line":12,"column":31},"end":{"line":12,"column":36}}],"line":12}},"s":{"0":3,"1":3,"2":6,"3":6,"4":6,"5":3},"f":{"0":6},"b":{"0":[6,4]},"_coverageSchema":"1a1c01bbd47fc00a2c39e90264f33305004495a9","hash":"cd41721692a5d063e856308014e05c62e0dfb6ff"}
,"/Users/nweeden/Desktop/Rithm/Rithm_Exercises/Jobly/express-jobly/middleware/auth.js": {"path":"/Users/nweeden/Desktop/Rithm/Rithm_Exercises/Jobly/express-jobly/middleware/auth.js","statementMap":{"0":{"start":{"line":5,"column":12},"end":{"line":5,"column":35}},"1":{"start":{"line":6,"column":23},"end":{"line":6,"column":43}},"2":{"start":{"line":7,"column":47},"end":{"line":7,"column":73}},"3":{"start":{"line":21,"column":2},"end":{"line":30,"column":3}},"4":{"start":{"line":22,"column":18},"end":{"line":22,"column":33}},"5":{"start":{"line":24,"column":4},"end":{"line":24,"column":27}},"6":{"start":{"line":25,"column":4},"end":{"line":25,"column":63}},"7":{"start":{"line":25,"column":15},"end":{"line":25,"column":63}},"8":{"start":{"line":26,"column":4},"end":{"line":26,"column":18}},"9":{"start":{"line":28,"column":4},"end":{"line":28,"column":51}},"10":{"start":{"line":29,"column":4},"end":{"line":29,"column":18}},"11":{"start":{"line":42,"column":2},"end":{"line":42,"column":54}},"12":{"start":{"line":42,"column":24},"end":{"line":42,"column":54}},"13":{"start":{"line":49,"column":2},"end":{"line":54,"column":3}},"14":{"start":{"line":50,"column":4},"end":{"line":50,"column":30}},"15":{"start":{"line":51,"column":4},"end":{"line":51,"column":18}},"16":{"start":{"line":53,"column":4},"end":{"line":53,"column":21}},"17":{"start":{"line":67,"column":2},"end":{"line":68,"column":34}},"18":{"start":{"line":68,"column":4},"end":{"line":68,"column":34}},"19":{"start":{"line":75,"column":2},"end":{"line":80,"column":3}},"20":{"start":{"line":76,"column":4},"end":{"line":76,"column":27}},"21":{"start":{"line":77,"column":4},"end":{"line":77,"column":18}},"22":{"start":{"line":79,"column":4},"end":{"line":79,"column":21}},"23":{"start":{"line":84,"column":0},"end":{"line":90,"column":2}}},"fnMap":{"0":{"name":"authenticateJWT","decl":{"start":{"line":20,"column":9},"end":{"line":20,"column":24}},"loc":{"start":{"line":20,"column":41},"end":{"line":31,"column":1}},"line":20},"1":{"name":"_ensureLoggedIn","decl":{"start":{"line":41,"column":9},"end":{"line":41,"column":24}},"loc":{"start":{"line":41,"column":35},"end":{"line":43,"column":1}},"line":41},"2":{"name":"ensureLoggedIn","decl":{"start":{"line":48,"column":9},"end":{"line":48,"column":23}},"loc":{"start":{"line":48,"column":40},"end":{"line":55,"column":1}},"line":48},"3":{"name":"_ensureAdmin","decl":{"start":{"line":65,"column":9},"end":{"line":65,"column":21}},"loc":{"start":{"line":65,"column":32},"end":{"line":69,"column":1}},"line":65},"4":{"name":"ensureAdmin","decl":{"start":{"line":74,"column":9},"end":{"line":74,"column":20}},"loc":{"start":{"line":74,"column":37},"end":{"line":81,"column":1}},"line":74}},"branchMap":{"0":{"loc":{"start":{"line":25,"column":4},"end":{"line":25,"column":63}},"type":"if","locations":[{"start":{"line":25,"column":4},"end":{"line":25,"column":63}},{"start":{"line":25,"column":4},"end":{"line":25,"column":63}}],"line":25},"1":{"loc":{"start":{"line":42,"column":2},"end":{"line":42,"column":54}},"type":"if","locations":[{"start":{"line":42,"column":2},"end":{"line":42,"column":54}},{"start":{"line":42,"column":2},"end":{"line":42,"column":54}}],"line":42},"2":{"loc":{"start":{"line":67,"column":2},"end":{"line":68,"column":34}},"type":"if","locations":[{"start":{"line":67,"column":2},"end":{"line":68,"column":34}},{"start":{"line":67,"column":2},"end":{"line":68,"column":34}}],"line":67},"3":{"loc":{"start":{"line":67,"column":6},"end":{"line":67,"column":60}},"type":"binary-expr","locations":[{"start":{"line":67,"column":6},"end":{"line":67,"column":22}},{"start":{"line":67,"column":26},"end":{"line":67,"column":60}}],"line":67}},"s":{"0":4,"1":4,"2":4,"3":32,"4":32,"5":32,"6":32,"7":14,"8":31,"9":1,"10":1,"11":2,"12":1,"13":0,"14":0,"15":0,"16":0,"17":17,"18":8,"19":14,"20":14,"21":8,"22":6,"23":4},"f":{"0":32,"1":2,"2":0,"3":17,"4":14},"b":{"0":[14,18],"1":[1,1],"2":[8,9],"3":[17,13]},"_coverageSchema":"1a1c01bbd47fc00a2c39e90264f33305004495a9","hash":"85d55728292122f6718aeab07bc8541a61523be7"}
,"/Users/nweeden/Desktop/Rithm/Rithm_Exercises/Jobly/express-jobly/models/_testCommon.js": {"path":"/Users/nweeden/Desktop/Rithm/Rithm_Exercises/Jobly/express-jobly/models/_testCommon.js","statementMap":{"0":{"start":{"line":1,"column":15},"end":{"line":1,"column":32}},"1":{"start":{"line":3,"column":11},"end":{"line":3,"column":30}},"2":{"start":{"line":4,"column":31},"end":{"line":4,"column":51}},"3":{"start":{"line":9,"column":2},"end":{"line":9,"column":42}},"4":{"start":{"line":11,"column":2},"end":{"line":11,"column":38}},"5":{"start":{"line":13,"column":2},"end":{"line":17,"column":55}},"6":{"start":{"line":19,"column":22},"end":{"line":22,"column":3}},"7":{"start":{"line":24,"column":2},"end":{"line":32,"column":25}},"8":{"start":{"line":36,"column":2},"end":{"line":36,"column":26}},"9":{"start":{"line":40,"column":2},"end":{"line":40,"column":29}},"10":{"start":{"line":44,"column":2},"end":{"line":44,"column":17}},"11":{"start":{"line":48,"column":0},"end":{"line":53,"column":2}}},"fnMap":{"0":{"name":"commonBeforeAll","decl":{"start":{"line":7,"column":15},"end":{"line":7,"column":30}},"loc":{"start":{"line":7,"column":33},"end":{"line":33,"column":1}},"line":7},"1":{"name":"commonBeforeEach","decl":{"start":{"line":35,"column":15},"end":{"line":35,"column":31}},"loc":{"start":{"line":35,"column":34},"end":{"line":37,"column":1}},"line":35},"2":{"name":"commonAfterEach","decl":{"start":{"line":39,"column":15},"end":{"line":39,"column":30}},"loc":{"start":{"line":39,"column":33},"end":{"line":41,"column":1}},"line":39},"3":{"name":"commonAfterAll","decl":{"start":{"line":43,"column":15},"end":{"line":43,"column":29}},"loc":{"start":{"line":43,"column":32},"end":{"line":45,"column":1}},"line":43}},"branchMap":{},"s":{"0":2,"1":2,"2":2,"3":2,"4":2,"5":2,"6":2,"7":2,"8":23,"9":23,"10":2,"11":2},"f":{"0":2,"1":23,"2":23,"3":2},"b":{},"_coverageSchema":"1a1c01bbd47fc00a2c39e90264f33305004495a9","hash":"e038ed12130b14604f2017f955a5a7bef0a710ac"}
,"/Users/nweeden/Desktop/Rithm/Rithm_Exercises/Jobly/express-jobly/models/company.js": {"path":"/Users/nweeden/Desktop/Rithm/Rithm_Exercises/Jobly/express-jobly/models/company.js","statementMap":{"0":{"start":{"line":3,"column":11},"end":{"line":3,"column":27}},"1":{"start":{"line":4,"column":43},"end":{"line":4,"column":69}},"2":{"start":{"line":5,"column":49},"end":{"line":5,"column":74}},"3":{"start":{"line":17,"column":15},"end":{"line":17,"column":17}},"4":{"start":{"line":20,"column":4},"end":{"line":25,"column":5}},"5":{"start":{"line":21,"column":22},"end":{"line":21,"column":50}},"6":{"start":{"line":22,"column":6},"end":{"line":22,"column":34}},"7":{"start":{"line":23,"column":6},"end":{"line":23,"column":36}},"8":{"start":{"line":26,"column":25},"end":{"line":30,"column":40}},"9":{"start":{"line":31,"column":4},"end":{"line":31,"column":29}},"10":{"start":{"line":42,"column":23},"end":{"line":46,"column":17}},"11":{"start":{"line":48,"column":20},"end":{"line":48,"column":38}},"12":{"start":{"line":50,"column":4},"end":{"line":50,"column":67}},"13":{"start":{"line":50,"column":18},"end":{"line":50,"column":67}},"14":{"start":{"line":52,"column":4},"end":{"line":52,"column":19}},"15":{"start":{"line":65,"column":27},"end":{"line":69,"column":17}},"16":{"start":{"line":71,"column":4},"end":{"line":72,"column":64}},"17":{"start":{"line":72,"column":6},"end":{"line":72,"column":64}},"18":{"start":{"line":74,"column":19},"end":{"line":86,"column":5}},"19":{"start":{"line":87,"column":20},"end":{"line":87,"column":34}},"20":{"start":{"line":89,"column":4},"end":{"line":89,"column":19}},"21":{"start":{"line":105,"column":4},"end":{"line":105,"column":77}},"22":{"start":{"line":105,"column":40},"end":{"line":105,"column":77}},"23":{"start":{"line":107,"column":32},"end":{"line":107,"column":57}},"24":{"start":{"line":108,"column":25},"end":{"line":108,"column":50}},"25":{"start":{"line":110,"column":21},"end":{"line":117,"column":41}},"26":{"start":{"line":118,"column":19},"end":{"line":118,"column":64}},"27":{"start":{"line":119,"column":20},"end":{"line":119,"column":34}},"28":{"start":{"line":121,"column":4},"end":{"line":121,"column":67}},"29":{"start":{"line":121,"column":18},"end":{"line":121,"column":67}},"30":{"start":{"line":123,"column":4},"end":{"line":123,"column":19}},"31":{"start":{"line":132,"column":19},"end":{"line":137,"column":17}},"32":{"start":{"line":138,"column":20},"end":{"line":138,"column":34}},"33":{"start":{"line":140,"column":4},"end":{"line":140,"column":67}},"34":{"start":{"line":140,"column":18},"end":{"line":140,"column":67}},"35":{"start":{"line":145,"column":0},"end":{"line":145,"column":25}}},"fnMap":{"0":{"name":"(anonymous_0)","decl":{"start":{"line":15,"column":2},"end":{"line":15,"column":3}},"loc":{"start":{"line":15,"column":36},"end":{"line":32,"column":3}},"line":15},"1":{"name":"(anonymous_1)","decl":{"start":{"line":41,"column":2},"end":{"line":41,"column":3}},"loc":{"start":{"line":41,"column":27},"end":{"line":53,"column":3}},"line":41},"2":{"name":"(anonymous_2)","decl":{"start":{"line":64,"column":2},"end":{"line":64,"column":3}},"loc":{"start":{"line":64,"column":78},"end":{"line":90,"column":3}},"line":64},"3":{"name":"(anonymous_3)","decl":{"start":{"line":104,"column":2},"end":{"line":104,"column":3}},"loc":{"start":{"line":104,"column":36},"end":{"line":124,"column":3}},"line":104},"4":{"name":"(anonymous_4)","decl":{"start":{"line":131,"column":2},"end":{"line":131,"column":3}},"loc":{"start":{"line":131,"column":30},"end":{"line":141,"column":3}},"line":131}},"branchMap":{"0":{"loc":{"start":{"line":20,"column":4},"end":{"line":25,"column":5}},"type":"if","locations":[{"start":{"line":20,"column":4},"end":{"line":25,"column":5}},{"start":{"line":20,"column":4},"end":{"line":25,"column":5}}],"line":20},"1":{"loc":{"start":{"line":50,"column":4},"end":{"line":50,"column":67}},"type":"if","locations":[{"start":{"line":50,"column":4},"end":{"line":50,"column":67}},{"start":{"line":50,"column":4},"end":{"line":50,"column":67}}],"line":50},"2":{"loc":{"start":{"line":71,"column":4},"end":{"line":72,"column":64}},"type":"if","locations":[{"start":{"line":71,"column":4},"end":{"line":72,"column":64}},{"start":{"line":71,"column":4},"end":{"line":72,"column":64}}],"line":71},"3":{"loc":{"start":{"line":105,"column":4},"end":{"line":105,"column":77}},"type":"if","locations":[{"start":{"line":105,"column":4},"end":{"line":105,"column":77}},{"start":{"line":105,"column":4},"end":{"line":105,"column":77}}],"line":105},"4":{"loc":{"start":{"line":121,"column":4},"end":{"line":121,"column":67}},"type":"if","locations":[{"start":{"line":121,"column":4},"end":{"line":121,"column":67}},{"start":{"line":121,"column":4},"end":{"line":121,"column":67}}],"line":121},"5":{"loc":{"start":{"line":140,"column":4},"end":{"line":140,"column":67}},"type":"if","locations":[{"start":{"line":140,"column":4},"end":{"line":140,"column":67}},{"start":{"line":140,"column":4},"end":{"line":140,"column":67}}],"line":140}},"s":{"0":4,"1":4,"2":4,"3":9,"4":9,"5":6,"6":5,"7":5,"8":8,"9":7,"10":4,"11":4,"12":4,"13":2,"14":2,"15":9,"16":9,"17":1,"18":8,"19":8,"20":8,"21":4,"22":1,"23":3,"24":3,"25":3,"26":3,"27":3,"28":3,"29":1,"30":2,"31":4,"32":4,"33":4,"34":2,"35":4},"f":{"0":9,"1":4,"2":9,"3":4,"4":4},"b":{"0":[6,3],"1":[2,2],"2":[1,8],"3":[1,3],"4":[1,2],"5":[2,2]},"_coverageSchema":"1a1c01bbd47fc00a2c39e90264f33305004495a9","hash":"75997c92b89baad74e6e8c3504ae5674f8a0fbc9"}
,"/Users/nweeden/Desktop/Rithm/Rithm_Exercises/Jobly/express-jobly/models/user.js": {"path":"/Users/nweeden/Desktop/Rithm/Rithm_Exercises/Jobly/express-jobly/models/user.js","statementMap":{"0":{"start":{"line":3,"column":11},"end":{"line":3,"column":27}},"1":{"start":{"line":4,"column":15},"end":{"line":4,"column":32}},"2":{"start":{"line":8,"column":4},"end":{"line":8,"column":30}},"3":{"start":{"line":10,"column":31},"end":{"line":10,"column":54}},"4":{"start":{"line":24,"column":19},"end":{"line":34,"column":5}},"5":{"start":{"line":36,"column":17},"end":{"line":36,"column":31}},"6":{"start":{"line":38,"column":4},"end":{"line":45,"column":5}},"7":{"start":{"line":40,"column":22},"end":{"line":40,"column":67}},"8":{"start":{"line":41,"column":6},"end":{"line":44,"column":7}},"9":{"start":{"line":42,"column":8},"end":{"line":42,"column":29}},"10":{"start":{"line":43,"column":8},"end":{"line":43,"column":20}},"11":{"start":{"line":47,"column":4},"end":{"line":47,"column":61}},"12":{"start":{"line":59,"column":27},"end":{"line":64,"column":5}},"13":{"start":{"line":66,"column":4},"end":{"line":68,"column":5}},"14":{"start":{"line":67,"column":6},"end":{"line":67,"column":72}},"15":{"start":{"line":70,"column":27},"end":{"line":70,"column":74}},"16":{"start":{"line":72,"column":19},"end":{"line":90,"column":5}},"17":{"start":{"line":92,"column":17},"end":{"line":92,"column":31}},"18":{"start":{"line":94,"column":4},"end":{"line":94,"column":16}},"19":{"start":{"line":98,"column":0},"end":{"line":98,"column":22}}},"fnMap":{"0":{"name":"(anonymous_0)","decl":{"start":{"line":22,"column":2},"end":{"line":22,"column":3}},"loc":{"start":{"line":22,"column":48},"end":{"line":48,"column":3}},"line":22},"1":{"name":"(anonymous_1)","decl":{"start":{"line":57,"column":2},"end":{"line":57,"column":3}},"loc":{"start":{"line":58,"column":70},"end":{"line":95,"column":3}},"line":58}},"branchMap":{"0":{"loc":{"start":{"line":38,"column":4},"end":{"line":45,"column":5}},"type":"if","locations":[{"start":{"line":38,"column":4},"end":{"line":45,"column":5}},{"start":{"line":38,"column":4},"end":{"line":45,"column":5}}],"line":38},"1":{"loc":{"start":{"line":41,"column":6},"end":{"line":44,"column":7}},"type":"if","locations":[{"start":{"line":41,"column":6},"end":{"line":44,"column":7}},{"start":{"line":41,"column":6},"end":{"line":44,"column":7}}],"line":41},"2":{"loc":{"start":{"line":66,"column":4},"end":{"line":68,"column":5}},"type":"if","locations":[{"start":{"line":66,"column":4},"end":{"line":68,"column":5}},{"start":{"line":66,"column":4},"end":{"line":68,"column":5}}],"line":66}},"s":{"0":4,"1":4,"2":4,"3":4,"4":6,"5":6,"6":6,"7":4,"8":4,"9":2,"10":2,"11":4,"12":13,"13":13,"14":1,"15":12,"16":12,"17":11,"18":11,"19":4},"f":{"0":6,"1":13},"b":{"0":[4,2],"1":[2,2],"2":[1,12]},"_coverageSchema":"1a1c01bbd47fc00a2c39e90264f33305004495a9","hash":"80709274ce687fc19e4f47d07ad57fe2882dadba"}
,"/Users/nweeden/Desktop/Rithm/Rithm_Exercises/Jobly/express-jobly/routes/_testCommon.js": {"path":"/Users/nweeden/Desktop/Rithm/Rithm_Exercises/Jobly/express-jobly/routes/_testCommon.js","statementMap":{"0":{"start":{"line":3,"column":11},"end":{"line":3,"column":30}},"1":{"start":{"line":4,"column":13},"end":{"line":4,"column":38}},"2":{"start":{"line":5,"column":16},"end":{"line":5,"column":44}},"3":{"start":{"line":6,"column":24},"end":{"line":6,"column":52}},"4":{"start":{"line":10,"column":2},"end":{"line":10,"column":38}},"5":{"start":{"line":12,"column":2},"end":{"line":12,"column":42}},"6":{"start":{"line":14,"column":2},"end":{"line":15,"column":76}},"7":{"start":{"line":16,"column":2},"end":{"line":17,"column":76}},"8":{"start":{"line":18,"column":2},"end":{"line":19,"column":76}},"9":{"start":{"line":21,"column":2},"end":{"line":28,"column":5}},"10":{"start":{"line":29,"column":2},"end":{"line":36,"column":5}},"11":{"start":{"line":37,"column":2},"end":{"line":44,"column":5}},"12":{"start":{"line":45,"column":2},"end":{"line":52,"column":5}},"13":{"start":{"line":56,"column":2},"end":{"line":56,"column":26}},"14":{"start":{"line":60,"column":2},"end":{"line":60,"column":29}},"15":{"start":{"line":64,"column":2},"end":{"line":64,"column":17}},"16":{"start":{"line":68,"column":16},"end":{"line":68,"column":64}},"17":{"start":{"line":69,"column":19},"end":{"line":69,"column":69}},"18":{"start":{"line":71,"column":0},"end":{"line":78,"column":2}}},"fnMap":{"0":{"name":"commonBeforeAll","decl":{"start":{"line":8,"column":15},"end":{"line":8,"column":30}},"loc":{"start":{"line":8,"column":33},"end":{"line":53,"column":1}},"line":8},"1":{"name":"commonBeforeEach","decl":{"start":{"line":55,"column":15},"end":{"line":55,"column":31}},"loc":{"start":{"line":55,"column":34},"end":{"line":57,"column":1}},"line":55},"2":{"name":"commonAfterEach","decl":{"start":{"line":59,"column":15},"end":{"line":59,"column":30}},"loc":{"start":{"line":59,"column":33},"end":{"line":61,"column":1}},"line":59},"3":{"name":"commonAfterAll","decl":{"start":{"line":63,"column":15},"end":{"line":63,"column":29}},"loc":{"start":{"line":63,"column":32},"end":{"line":65,"column":1}},"line":63}},"branchMap":{},"s":{"0":2,"1":2,"2":2,"3":2,"4":2,"5":2,"6":2,"7":2,"8":2,"9":2,"10":2,"11":2,"12":2,"13":28,"14":28,"15":2,"16":2,"17":2,"18":2},"f":{"0":2,"1":28,"2":28,"3":2},"b":{},"_coverageSchema":"1a1c01bbd47fc00a2c39e90264f33305004495a9","hash":"e755fa8ceb7b224182e4a920a1ebb4af555197ca"}
,"/Users/nweeden/Desktop/Rithm/Rithm_Exercises/Jobly/express-jobly/routes/auth.js": {"path":"/Users/nweeden/Desktop/Rithm/Rithm_Exercises/Jobly/express-jobly/routes/auth.js","statementMap":{"0":{"start":{"line":5,"column":19},"end":{"line":5,"column":40}},"1":{"start":{"line":7,"column":13},"end":{"line":7,"column":38}},"2":{"start":{"line":8,"column":16},"end":{"line":8,"column":34}},"3":{"start":{"line":9,"column":15},"end":{"line":9,"column":35}},"4":{"start":{"line":10,"column":24},"end":{"line":10,"column":52}},"5":{"start":{"line":11,"column":23},"end":{"line":11,"column":58}},"6":{"start":{"line":12,"column":27},"end":{"line":12,"column":66}},"7":{"start":{"line":13,"column":28},"end":{"line":13,"column":54}},"8":{"start":{"line":22,"column":0},"end":{"line":37,"column":3}},"9":{"start":{"line":23,"column":2},"end":{"line":36,"column":3}},"10":{"start":{"line":24,"column":22},"end":{"line":24,"column":67}},"11":{"start":{"line":25,"column":4},"end":{"line":28,"column":5}},"12":{"start":{"line":26,"column":19},"end":{"line":26,"column":53}},"13":{"start":{"line":26,"column":45},"end":{"line":26,"column":52}},"14":{"start":{"line":27,"column":6},"end":{"line":27,"column":38}},"15":{"start":{"line":30,"column":35},"end":{"line":30,"column":43}},"16":{"start":{"line":31,"column":17},"end":{"line":31,"column":60}},"17":{"start":{"line":32,"column":18},"end":{"line":32,"column":35}},"18":{"start":{"line":33,"column":4},"end":{"line":33,"column":31}},"19":{"start":{"line":35,"column":4},"end":{"line":35,"column":21}},"20":{"start":{"line":49,"column":0},"end":{"line":63,"column":3}},"21":{"start":{"line":50,"column":2},"end":{"line":62,"column":3}},"22":{"start":{"line":51,"column":22},"end":{"line":51,"column":71}},"23":{"start":{"line":52,"column":4},"end":{"line":55,"column":5}},"24":{"start":{"line":53,"column":19},"end":{"line":53,"column":53}},"25":{"start":{"line":53,"column":45},"end":{"line":53,"column":52}},"26":{"start":{"line":54,"column":6},"end":{"line":54,"column":38}},"27":{"start":{"line":57,"column":20},"end":{"line":57,"column":73}},"28":{"start":{"line":58,"column":18},"end":{"line":58,"column":38}},"29":{"start":{"line":59,"column":4},"end":{"line":59,"column":43}},"30":{"start":{"line":61,"column":4},"end":{"line":61,"column":21}},"31":{"start":{"line":66,"column":0},"end":{"line":66,"column":24}}},"fnMap":{"0":{"name":"(anonymous_0)","decl":{"start":{"line":22,"column":22},"end":{"line":22,"column":23}},"loc":{"start":{"line":22,"column":54},"end":{"line":37,"column":1}},"line":22},"1":{"name":"(anonymous_1)","decl":{"start":{"line":26,"column":40},"end":{"line":26,"column":41}},"loc":{"start":{"line":26,"column":45},"end":{"line":26,"column":52}},"line":26},"2":{"name":"(anonymous_2)","decl":{"start":{"line":49,"column":25},"end":{"line":49,"column":26}},"loc":{"start":{"line":49,"column":57},"end":{"line":63,"column":1}},"line":49},"3":{"name":"(anonymous_3)","decl":{"start":{"line":53,"column":40},"end":{"line":53,"column":41}},"loc":{"start":{"line":53,"column":45},"end":{"line":53,"column":52}},"line":53}},"branchMap":{"0":{"loc":{"start":{"line":25,"column":4},"end":{"line":28,"column":5}},"type":"if","locations":[{"start":{"line":25,"column":4},"end":{"line":28,"column":5}},{"start":{"line":25,"column":4},"end":{"line":28,"column":5}}],"line":25},"1":{"loc":{"start":{"line":52,"column":4},"end":{"line":55,"column":5}},"type":"if","locations":[{"start":{"line":52,"column":4},"end":{"line":55,"column":5}},{"start":{"line":52,"column":4},"end":{"line":55,"column":5}}],"line":52}},"s":{"0":3,"1":3,"2":3,"3":3,"4":3,"5":3,"6":3,"7":3,"8":3,"9":5,"10":5,"11":5,"12":2,"13":2,"14":2,"15":3,"16":3,"17":1,"18":1,"19":4,"20":3,"21":3,"22":3,"23":3,"24":2,"25":5,"26":2,"27":1,"28":1,"29":1,"30":2,"31":3},"f":{"0":5,"1":2,"2":3,"3":5},"b":{"0":[2,3],"1":[2,1]},"_coverageSchema":"1a1c01bbd47fc00a2c39e90264f33305004495a9","hash":"493e218188ca6bc58f3a62cda744c7638e3c03a2"}
,"/Users/nweeden/Desktop/Rithm/Rithm_Exercises/Jobly/express-jobly/routes/companies.js": {"path":"/Users/nweeden/Desktop/Rithm/Rithm_Exercises/Jobly/express-jobly/routes/companies.js","statementMap":{"0":{"start":{"line":5,"column":19},"end":{"line":5,"column":40}},"1":{"start":{"line":6,"column":16},"end":{"line":6,"column":34}},"2":{"start":{"line":8,"column":28},"end":{"line":8,"column":54}},"3":{"start":{"line":9,"column":40},"end":{"line":9,"column":69}},"4":{"start":{"line":10,"column":16},"end":{"line":10,"column":44}},"5":{"start":{"line":12,"column":25},"end":{"line":12,"column":62}},"6":{"start":{"line":13,"column":28},"end":{"line":13,"column":68}},"7":{"start":{"line":14,"column":25},"end":{"line":14,"column":62}},"8":{"start":{"line":16,"column":15},"end":{"line":16,"column":35}},"9":{"start":{"line":28,"column":0},"end":{"line":41,"column":3}},"10":{"start":{"line":29,"column":0},"end":{"line":40,"column":3}},"11":{"start":{"line":30,"column":20},"end":{"line":30,"column":67}},"12":{"start":{"line":31,"column":2},"end":{"line":34,"column":3}},"13":{"start":{"line":32,"column":17},"end":{"line":32,"column":51}},"14":{"start":{"line":32,"column":43},"end":{"line":32,"column":50}},"15":{"start":{"line":33,"column":4},"end":{"line":33,"column":36}},"16":{"start":{"line":36,"column":20},"end":{"line":36,"column":51}},"17":{"start":{"line":37,"column":4},"end":{"line":37,"column":35}},"18":{"start":{"line":39,"column":4},"end":{"line":39,"column":21}},"19":{"start":{"line":51,"column":0},"end":{"line":58,"column":3}},"20":{"start":{"line":52,"column":2},"end":{"line":57,"column":3}},"21":{"start":{"line":53,"column":20},"end":{"line":53,"column":56}},"22":{"start":{"line":54,"column":4},"end":{"line":54,"column":33}},"23":{"start":{"line":56,"column":4},"end":{"line":56,"column":21}},"24":{"start":{"line":69,"column":0},"end":{"line":82,"column":3}},"25":{"start":{"line":70,"column":2},"end":{"line":81,"column":3}},"26":{"start":{"line":71,"column":22},"end":{"line":71,"column":69}},"27":{"start":{"line":72,"column":4},"end":{"line":75,"column":5}},"28":{"start":{"line":73,"column":19},"end":{"line":73,"column":53}},"29":{"start":{"line":73,"column":45},"end":{"line":73,"column":52}},"30":{"start":{"line":74,"column":6},"end":{"line":74,"column":38}},"31":{"start":{"line":77,"column":20},"end":{"line":77,"column":50}},"32":{"start":{"line":78,"column":4},"end":{"line":78,"column":45}},"33":{"start":{"line":80,"column":4},"end":{"line":80,"column":21}},"34":{"start":{"line":95,"column":0},"end":{"line":108,"column":3}},"35":{"start":{"line":96,"column":2},"end":{"line":107,"column":3}},"36":{"start":{"line":97,"column":22},"end":{"line":97,"column":72}},"37":{"start":{"line":98,"column":4},"end":{"line":101,"column":5}},"38":{"start":{"line":99,"column":19},"end":{"line":99,"column":53}},"39":{"start":{"line":99,"column":45},"end":{"line":99,"column":52}},"40":{"start":{"line":100,"column":6},"end":{"line":100,"column":38}},"41":{"start":{"line":103,"column":20},"end":{"line":103,"column":69}},"42":{"start":{"line":104,"column":4},"end":{"line":104,"column":33}},"43":{"start":{"line":106,"column":4},"end":{"line":106,"column":21}},"44":{"start":{"line":115,"column":0},"end":{"line":122,"column":3}},"45":{"start":{"line":116,"column":2},"end":{"line":121,"column":3}},"46":{"start":{"line":117,"column":4},"end":{"line":117,"column":44}},"47":{"start":{"line":118,"column":4},"end":{"line":118,"column":52}},"48":{"start":{"line":120,"column":4},"end":{"line":120,"column":21}},"49":{"start":{"line":125,"column":0},"end":{"line":125,"column":24}}},"fnMap":{"0":{"name":"(anonymous_0)","decl":{"start":{"line":28,"column":16},"end":{"line":28,"column":17}},"loc":{"start":{"line":28,"column":48},"end":{"line":41,"column":1}},"line":28},"1":{"name":"(anonymous_1)","decl":{"start":{"line":32,"column":38},"end":{"line":32,"column":39}},"loc":{"start":{"line":32,"column":43},"end":{"line":32,"column":50}},"line":32},"2":{"name":"(anonymous_2)","decl":{"start":{"line":51,"column":23},"end":{"line":51,"column":24}},"loc":{"start":{"line":51,"column":55},"end":{"line":58,"column":1}},"line":51},"3":{"name":"(anonymous_3)","decl":{"start":{"line":69,"column":30},"end":{"line":69,"column":31}},"loc":{"start":{"line":69,"column":62},"end":{"line":82,"column":1}},"line":69},"4":{"name":"(anonymous_4)","decl":{"start":{"line":73,"column":40},"end":{"line":73,"column":41}},"loc":{"start":{"line":73,"column":45},"end":{"line":73,"column":52}},"line":73},"5":{"name":"(anonymous_5)","decl":{"start":{"line":95,"column":38},"end":{"line":95,"column":39}},"loc":{"start":{"line":95,"column":70},"end":{"line":108,"column":1}},"line":95},"6":{"name":"(anonymous_6)","decl":{"start":{"line":99,"column":40},"end":{"line":99,"column":41}},"loc":{"start":{"line":99,"column":45},"end":{"line":99,"column":52}},"line":99},"7":{"name":"(anonymous_7)","decl":{"start":{"line":115,"column":39},"end":{"line":115,"column":40}},"loc":{"start":{"line":115,"column":71},"end":{"line":122,"column":1}},"line":115}},"branchMap":{"0":{"loc":{"start":{"line":31,"column":2},"end":{"line":34,"column":3}},"type":"if","locations":[{"start":{"line":31,"column":2},"end":{"line":34,"column":3}},{"start":{"line":31,"column":2},"end":{"line":34,"column":3}}],"line":31},"1":{"loc":{"start":{"line":72,"column":4},"end":{"line":75,"column":5}},"type":"if","locations":[{"start":{"line":72,"column":4},"end":{"line":75,"column":5}},{"start":{"line":72,"column":4},"end":{"line":75,"column":5}}],"line":72},"2":{"loc":{"start":{"line":98,"column":4},"end":{"line":101,"column":5}},"type":"if","locations":[{"start":{"line":98,"column":4},"end":{"line":101,"column":5}},{"start":{"line":98,"column":4},"end":{"line":101,"column":5}}],"line":98}},"s":{"0":3,"1":3,"2":3,"3":3,"4":3,"5":3,"6":3,"7":3,"8":3,"9":3,"10":4,"11":4,"12":4,"13":2,"14":2,"15":2,"16":2,"17":1,"18":3,"19":3,"20":2,"21":2,"22":1,"23":1,"24":3,"25":3,"26":3,"27":3,"28":2,"29":3,"30":2,"31":1,"32":1,"33":2,"34":3,"35":3,"36":3,"37":3,"38":2,"39":2,"40":2,"41":1,"42":1,"43":2,"44":3,"45":2,"46":2,"47":1,"48":1,"49":3},"f":{"0":4,"1":2,"2":2,"3":3,"4":3,"5":3,"6":2,"7":2},"b":{"0":[2,2],"1":[2,1],"2":[2,1]},"_coverageSchema":"1a1c01bbd47fc00a2c39e90264f33305004495a9","hash":"ffc6a43a9b6826a67276ccd7ae37592c58ab1e46"}
}
