TN:
SF:app.js
FN:28,(anonymous_0)
FN:33,(anonymous_1)
FNF:2
FNH:2
FNDA:1,(anonymous_0)
FNDA:37,(anonymous_1)
DA:5,4
DA:7,4
DA:9,4
DA:10,4
DA:11,4
DA:12,4
DA:14,4
DA:16,4
DA:18,4
DA:19,4
DA:20,4
DA:22,4
DA:23,4
DA:24,4
DA:28,4
DA:29,1
DA:33,4
DA:34,37
DA:35,37
DA:36,37
DA:38,37
DA:43,4
LF:22
LH:22
BRDA:34,0,0,0
BRDA:34,0,1,37
BRDA:35,1,0,37
BRDA:35,1,1,2
BRF:4
BRH:3
end_of_record
TN:
SF:config.js
FNF:0
FNH:0
DA:5,8
DA:7,8
DA:9,8
DA:13,8
DA:20,8
DA:23,8
LF:6
LH:6
BRDA:7,0,0,8
BRDA:7,0,1,8
BRDA:9,1,0,8
BRDA:9,1,1,8
BRDA:13,2,0,8
BRDA:13,2,1,0
BRDA:15,3,0,0
BRDA:15,3,1,0
BRDA:20,4,0,8
BRDA:20,4,1,0
BRF:10
BRH:6
end_of_record
TN:
SF:db.js
FNF:0
FNH:0
DA:5,7
DA:6,7
DA:8,7
DA:12,7
DA:14,7
LF:5
LH:5
BRF:0
BRH:0
end_of_record
TN:
SF:expressError.js
FN:8,(anonymous_0)
FN:18,(anonymous_1)
FN:26,(anonymous_2)
FN:34,(anonymous_3)
FN:42,(anonymous_4)
FNF:5
FNH:4
FNDA:50,(anonymous_0)
FNDA:10,(anonymous_1)
FNDA:22,(anonymous_2)
FNDA:18,(anonymous_3)
FNDA:0,(anonymous_4)
DA:9,50
DA:10,50
DA:11,50
DA:19,10
DA:27,22
DA:35,18
DA:43,0
DA:47,9
LF:8
LH:7
BRDA:18,0,0,1
BRDA:26,1,0,18
BRDA:34,2,0,0
BRDA:42,3,0,0
BRF:4
BRH:2
end_of_record
TN:
SF:helpers/sql.js
FN:10,sqlForPartialUpdate
FN:12,(anonymous_1)
FN:30,sqlForFiltering
FN:81,sqlForJobsFiltering
FNF:4
FNH:4
FNDA:9,sqlForPartialUpdate
FNDA:11,(anonymous_1)
FNDA:11,sqlForFiltering
FNDA:15,sqlForJobsFiltering
DA:1,8
DA:11,9
DA:12,11
DA:14,9
DA:31,11
DA:32,11
DA:33,2
DA:34,2
DA:38,9
DA:39,9
DA:40,9
DA:42,9
DA:43,4
DA:44,4
DA:45,4
DA:46,4
DA:49,9
DA:50,3
DA:51,3
DA:52,3
DA:55,9
DA:56,2
DA:57,2
DA:60,9
DA:61,9
DA:64,9
DA:65,8
DA:67,1
DA:82,15
DA:83,15
DA:84,15
DA:86,15
DA:87,5
DA:88,5
DA:89,5
DA:90,5
DA:93,15
DA:94,7
DA:95,7
DA:96,7
DA:106,15
DA:107,2
DA:108,2
DA:111,15
DA:112,12
DA:113,12
DA:115,3
DA:121,8
LF:48
LH:48
BRDA:32,0,0,2
BRDA:32,0,1,9
BRDA:32,1,0,11
BRDA:32,1,1,5
BRDA:33,2,0,2
BRDA:33,2,1,0
BRDA:42,3,0,4
BRDA:42,3,1,5
BRDA:49,4,0,3
BRDA:49,4,1,6
BRDA:55,5,0,2
BRDA:55,5,1,7
BRDA:64,6,0,8
BRDA:64,6,1,1
BRDA:86,7,0,5
BRDA:86,7,1,10
BRDA:93,8,0,7
BRDA:93,8,1,8
BRDA:106,9,0,2
BRDA:106,9,1,13
BRDA:111,10,0,12
BRDA:111,10,1,3
BRF:22
BRH:21
end_of_record
TN:
SF:helpers/tokens.js
FN:6,createToken
FNF:1
FNH:1
FNDA:7,createToken
DA:1,4
DA:2,4
DA:7,7
DA:10,7
DA:15,7
DA:18,4
LF:6
LH:6
BRDA:12,0,0,7
BRDA:12,0,1,4
BRF:2
BRH:2
end_of_record
TN:
SF:middleware/auth.js
FN:20,authenticateJWT
FN:41,_ensureLoggedIn
FN:48,ensureLoggedIn
FN:65,_ensureAdmin
FN:74,ensureAdmin
FNF:5
FNH:4
FNDA:54,authenticateJWT
FNDA:2,_ensureLoggedIn
FNDA:0,ensureLoggedIn
FNDA:34,_ensureAdmin
FNDA:31,ensureAdmin
DA:5,5
DA:6,5
DA:7,5
DA:21,54
DA:22,54
DA:24,54
DA:25,54
DA:26,53
DA:28,1
DA:29,1
DA:42,2
DA:49,0
DA:50,0
DA:51,0
DA:53,0
DA:67,34
DA:68,17
DA:75,31
DA:76,31
DA:77,16
DA:79,15
DA:84,5
LF:22
LH:18
BRDA:25,0,0,26
BRDA:25,0,1,28
BRDA:42,1,0,1
BRDA:42,1,1,1
BRDA:67,2,0,17
BRDA:67,2,1,17
BRDA:67,3,0,34
BRDA:67,3,1,24
BRF:8
BRH:8
end_of_record
TN:
SF:models/_testCommon.js
FN:7,commonBeforeAll
FN:49,commonBeforeEach
FN:53,commonAfterEach
FN:57,commonAfterAll
FNF:4
FNH:4
FNDA:3,commonBeforeAll
FNDA:38,commonBeforeEach
FNDA:38,commonAfterEach
FNDA:3,commonAfterAll
DA:1,3
DA:3,3
DA:4,3
DA:9,3
DA:11,3
DA:13,3
DA:16,3
DA:23,3
DA:28,3
DA:39,3
DA:50,38
DA:54,38
DA:58,3
DA:62,3
LF:14
LH:14
BRF:0
BRH:0
end_of_record
TN:
SF:models/company.js
FN:18,(anonymous_0)
FN:46,(anonymous_1)
FN:79,(anonymous_2)
FN:119,(anonymous_3)
FN:146,(anonymous_4)
FNF:5
FNH:5
FNDA:9,(anonymous_0)
FNDA:4,(anonymous_1)
FNDA:12,(anonymous_2)
FNDA:4,(anonymous_3)
FNDA:4,(anonymous_4)
DA:3,5
DA:4,5
DA:5,5
DA:20,9
DA:23,9
DA:24,6
DA:25,5
DA:26,5
DA:29,8
DA:35,7
DA:47,4
DA:53,4
DA:55,4
DA:57,2
DA:64,2
DA:66,2
DA:67,2
DA:80,12
DA:86,12
DA:87,1
DA:89,11
DA:102,11
DA:104,11
DA:120,4
DA:122,3
DA:123,3
DA:125,3
DA:133,3
DA:134,3
DA:136,3
DA:138,2
DA:147,4
DA:153,4
DA:155,4
DA:160,5
LF:35
LH:35
BRDA:23,0,0,6
BRDA:23,0,1,3
BRDA:25,1,0,5
BRDA:25,1,1,0
BRDA:26,2,0,5
BRDA:26,2,1,0
BRDA:55,3,0,2
BRDA:55,3,1,2
BRDA:86,4,0,1
BRDA:86,4,1,11
BRDA:120,5,0,1
BRDA:120,5,1,3
BRDA:136,6,0,1
BRDA:136,6,1,2
BRDA:155,7,0,2
BRDA:155,7,1,2
BRF:16
BRH:14
end_of_record
TN:
SF:models/job.js
FN:20,(anonymous_0)
FN:46,(anonymous_1)
FN:69,(anonymous_2)
FN:102,(anonymous_3)
FN:130,(anonymous_4)
FNF:5
FNH:5
FNDA:12,(anonymous_0)
FNDA:4,(anonymous_1)
FNDA:11,(anonymous_2)
FNDA:4,(anonymous_3)
FNDA:4,(anonymous_4)
DA:3,5
DA:4,5
DA:9,5
DA:22,12
DA:24,12
DA:25,9
DA:27,9
DA:28,9
DA:30,12
DA:36,11
DA:47,4
DA:48,2
DA:54,2
DA:56,2
DA:58,2
DA:72,11
DA:84,11
DA:86,11
DA:103,4
DA:105,3
DA:106,3
DA:108,3
DA:116,3
DA:117,2
DA:119,2
DA:121,2
DA:132,4
DA:134,2
DA:140,2
DA:141,2
DA:143,2
DA:144,2
DA:148,5
LF:33
LH:33
BRDA:24,0,0,9
BRDA:24,0,1,3
BRDA:27,1,0,9
BRDA:27,1,1,1
BRDA:28,2,0,9
BRDA:28,2,1,1
BRDA:47,3,0,2
BRDA:47,3,1,2
BRDA:56,4,0,0
BRDA:56,4,1,2
BRDA:103,5,0,1
BRDA:103,5,1,3
BRDA:119,6,0,0
BRDA:119,6,1,2
BRDA:132,7,0,2
BRDA:132,7,1,2
BRDA:143,8,0,0
BRDA:143,8,1,2
BRF:18
BRH:15
end_of_record
TN:
SF:models/user.js
FN:24,(anonymous_0)
FN:59,(anonymous_1)
FN:104,(anonymous_2)
FN:122,(anonymous_3)
FN:148,(anonymous_4)
FN:179,(anonymous_5)
FNF:6
FNH:2
FNDA:6,(anonymous_0)
FNDA:16,(anonymous_1)
FNDA:0,(anonymous_2)
FNDA:0,(anonymous_3)
FNDA:0,(anonymous_4)
FNDA:0,(anonymous_5)
DA:3,5
DA:4,5
DA:8,5
DA:9,5
DA:12,5
DA:26,6
DA:38,6
DA:40,6
DA:42,4
DA:43,4
DA:44,2
DA:45,2
DA:49,4
DA:61,16
DA:68,16
DA:69,1
DA:72,15
DA:74,15
DA:94,14
DA:96,14
DA:106,0
DA:111,0
DA:123,0
DA:129,0
DA:131,0
DA:133,0
DA:149,0
DA:151,0
DA:152,0
DA:155,0
DA:156,0
DA:158,0
DA:166,0
DA:167,0
DA:169,0
DA:171,0
DA:180,0
DA:186,0
DA:188,0
DA:189,0
DA:193,5
LF:41
LH:21
BRDA:40,0,0,4
BRDA:40,0,1,2
BRDA:43,1,0,2
BRDA:43,1,1,2
BRDA:68,2,0,1
BRDA:68,2,1,15
BRDA:131,3,0,0
BRDA:131,3,1,0
BRDA:149,4,0,0
BRDA:149,4,1,0
BRDA:151,5,0,0
BRDA:151,5,1,0
BRDA:169,6,0,0
BRDA:169,6,1,0
BRDA:188,7,0,0
BRDA:188,7,1,0
BRF:16
BRH:6
end_of_record
TN:
SF:routes/_testCommon.js
FN:9,commonBeforeAll
FN:79,commonBeforeEach
FN:83,commonAfterEach
FN:87,commonAfterAll
FNF:4
FNH:4
FNDA:3,commonBeforeAll
FNDA:50,commonBeforeEach
FNDA:50,commonAfterEach
FNDA:3,commonAfterAll
DA:3,3
DA:4,3
DA:5,3
DA:6,3
DA:7,3
DA:11,3
DA:13,3
DA:15,3
DA:17,3
DA:19,3
DA:21,3
DA:24,3
DA:32,3
DA:40,3
DA:48,3
DA:57,3
DA:64,3
DA:71,3
DA:80,50
DA:84,50
DA:88,3
DA:92,3
DA:93,3
DA:95,3
LF:24
LH:24
BRF:0
BRH:0
end_of_record
TN:
SF:routes/auth.js
FN:24,(anonymous_0)
FN:28,(anonymous_1)
FN:51,(anonymous_2)
FN:55,(anonymous_3)
FN:76,(anonymous_4)
FN:80,(anonymous_5)
FNF:6
FNH:2
FNDA:5,(anonymous_0)
FNDA:2,(anonymous_1)
FNDA:0,(anonymous_2)
FNDA:0,(anonymous_3)
FNDA:0,(anonymous_4)
FNDA:0,(anonymous_5)
DA:5,4
DA:7,4
DA:8,4
DA:9,4
DA:10,4
DA:11,4
DA:12,4
DA:13,4
DA:14,4
DA:15,4
DA:24,4
DA:25,5
DA:26,5
DA:27,5
DA:28,2
DA:29,2
DA:32,3
DA:33,3
DA:34,1
DA:35,1
DA:37,4
DA:51,4
DA:52,0
DA:53,0
DA:54,0
DA:55,0
DA:56,0
DA:59,0
DA:60,0
DA:61,0
DA:63,0
DA:76,4
DA:77,0
DA:78,0
DA:79,0
DA:80,0
DA:81,0
DA:84,0
DA:85,0
DA:86,0
DA:88,0
DA:93,4
LF:42
LH:24
BRDA:27,0,0,2
BRDA:27,0,1,3
BRDA:54,1,0,0
BRDA:54,1,1,0
BRDA:79,2,0,0
BRDA:79,2,1,0
BRF:6
BRH:2
end_of_record
TN:
SF:routes/companies.js
FN:28,(anonymous_0)
FN:32,(anonymous_1)
FN:51,(anonymous_2)
FN:69,(anonymous_3)
FN:73,(anonymous_4)
FN:95,(anonymous_5)
FN:99,(anonymous_6)
FN:115,(anonymous_7)
FNF:8
FNH:8
FNDA:4,(anonymous_0)
FNDA:2,(anonymous_1)
FNDA:2,(anonymous_2)
FNDA:3,(anonymous_3)
FNDA:3,(anonymous_4)
FNDA:3,(anonymous_5)
FNDA:2,(anonymous_6)
FNDA:2,(anonymous_7)
DA:5,4
DA:6,4
DA:8,4
DA:9,4
DA:10,4
DA:12,4
DA:13,4
DA:14,4
DA:16,4
DA:28,4
DA:29,4
DA:30,4
DA:31,4
DA:32,2
DA:33,2
DA:36,2
DA:37,1
DA:39,3
DA:51,4
DA:52,2
DA:53,2
DA:54,1
DA:56,1
DA:69,4
DA:70,3
DA:71,3
DA:72,3
DA:73,3
DA:74,2
DA:77,1
DA:78,1
DA:80,2
DA:95,4
DA:96,3
DA:97,3
DA:98,3
DA:99,2
DA:100,2
DA:103,1
DA:104,1
DA:106,2
DA:115,4
DA:116,2
DA:117,2
DA:118,1
DA:120,1
DA:125,4
LF:47
LH:47
BRDA:31,0,0,2
BRDA:31,0,1,2
BRDA:72,1,0,2
BRDA:72,1,1,1
BRDA:98,2,0,2
BRDA:98,2,1,1
BRF:6
BRH:6
end_of_record
TN:
SF:routes/jobs.js
FN:30,(anonymous_0)
FN:34,(anonymous_1)
FN:52,(anonymous_2)
FN:70,(anonymous_3)
FN:74,(anonymous_4)
FN:96,(anonymous_5)
FN:100,(anonymous_6)
FN:116,(anonymous_7)
FNF:8
FNH:8
FNDA:6,(anonymous_0)
FNDA:1,(anonymous_1)
FNDA:2,(anonymous_2)
FNDA:3,(anonymous_3)
FNDA:2,(anonymous_4)
FNDA:3,(anonymous_5)
FNDA:2,(anonymous_6)
FNDA:2,(anonymous_7)
DA:5,4
DA:6,4
DA:8,4
DA:9,4
DA:10,4
DA:12,4
DA:13,4
DA:14,4
DA:17,4
DA:30,4
DA:31,6
DA:32,6
DA:33,6
DA:34,1
DA:35,1
DA:38,5
DA:39,4
DA:41,2
DA:52,4
DA:53,2
DA:54,2
DA:55,1
DA:57,1
DA:70,4
DA:71,3
DA:72,3
DA:73,3
DA:74,2
DA:75,2
DA:78,1
DA:79,1
DA:81,2
DA:96,4
DA:97,3
DA:98,3
DA:99,3
DA:100,2
DA:101,2
DA:104,1
DA:105,1
DA:107,2
DA:116,4
DA:118,2
DA:119,2
DA:120,1
DA:122,1
DA:127,4
LF:47
LH:47
BRDA:33,0,0,1
BRDA:33,0,1,5
BRDA:73,1,0,2
BRDA:73,1,1,1
BRDA:99,2,0,2
BRDA:99,2,1,1
BRF:6
BRH:6
end_of_record
