TN:
SF:/Users/joel/curric/exercises/express-jobly/app.js
FN:26,(anonymous_0)
FN:31,(anonymous_1)
FNF:2
FNH:1
FNDA:0,(anonymous_0)
FNDA:16,(anonymous_1)
DA:5,2
DA:7,2
DA:9,2
DA:10,2
DA:11,2
DA:13,2
DA:15,2
DA:17,2
DA:18,2
DA:19,2
DA:21,2
DA:22,2
DA:26,2
DA:27,0
DA:31,2
DA:32,16
DA:33,16
DA:34,16
DA:36,16
DA:41,2
LF:20
LH:19
BRDA:32,0,0,0
BRDA:32,0,1,16
BRDA:33,1,0,16
BRDA:33,1,1,1
BRF:4
BRH:3
end_of_record
TN:
SF:/Users/joel/curric/exercises/express-jobly/config.js
FNF:0
FNH:0
DA:5,15
DA:7,15
DA:9,15
DA:13,15
DA:20,15
DA:23,15
LF:6
LH:6
BRDA:7,0,0,15
BRDA:7,0,1,15
BRDA:9,1,0,15
BRDA:9,1,1,15
BRDA:13,2,0,15
BRDA:13,2,1,0
BRDA:15,3,0,0
BRDA:15,3,1,0
BRDA:20,4,0,15
BRDA:20,4,1,0
BRF:10
BRH:6
end_of_record
TN:
SF:/Users/joel/curric/exercises/express-jobly/db.js
FNF:0
FNH:0
DA:5,12
DA:6,12
DA:8,12
DA:12,12
DA:14,12
LF:5
LH:5
BRF:0
BRH:0
end_of_record
TN:
SF:/Users/joel/curric/exercises/express-jobly/helpers/sql.js
FN:3,sqlForPartialUpdate
FN:5,(anonymous_1)
FNF:2
FNH:2
FNDA:3,sqlForPartialUpdate
FNDA:3,(anonymous_1)
DA:4,3
DA:5,3
DA:7,3
DA:13,3
LF:4
LH:4
BRF:0
BRH:0
end_of_record
TN:
SF:/Users/joel/curric/exercises/express-jobly/helpers/tokens.js
FN:6,createToken
FNF:1
FNH:1
FNDA:4,createToken
DA:1,2
DA:2,2
DA:7,4
DA:10,4
DA:15,4
DA:18,2
LF:6
LH:6
BRDA:12,0,0,4
BRDA:12,0,1,4
BRF:2
BRH:2
end_of_record
TN:
SF:/Users/joel/curric/exercises/express-jobly/middleware/auth.js
FN:20,authenticateJWT
FN:41,_ensureLoggedIn
FN:48,ensureLoggedIn
FNF:3
FNH:3
FNDA:26,authenticateJWT
FNDA:13,_ensureLoggedIn
FNDA:11,ensureLoggedIn
DA:5,3
DA:6,3
DA:7,3
DA:21,26
DA:22,26
DA:24,26
DA:25,26
DA:26,25
DA:28,1
DA:29,1
DA:42,13
DA:49,11
DA:50,11
DA:51,8
DA:53,3
DA:58,3
LF:16
LH:16
BRDA:25,0,0,11
BRDA:25,0,1,15
BRDA:42,1,0,4
BRDA:42,1,1,9
BRF:4
BRH:4
end_of_record
TN:
SF:/Users/joel/curric/exercises/express-jobly/models/_testCommon.js
FN:7,commonBeforeAll
FN:35,commonBeforeEach
FN:39,commonAfterEach
FN:43,commonAfterAll
FNF:4
FNH:4
FNDA:2,commonBeforeAll
FNDA:17,commonBeforeEach
FNDA:17,commonAfterEach
FNDA:2,commonAfterAll
DA:1,2
DA:3,2
DA:4,2
DA:9,2
DA:11,2
DA:13,2
DA:19,2
DA:24,2
DA:36,17
DA:40,17
DA:44,2
DA:48,2
LF:12
LH:12
BRF:0
BRH:0
end_of_record
TN:
SF:/Users/joel/curric/exercises/express-jobly/models/company.js
FN:15,(anonymous_0)
FN:30,(anonymous_1)
FN:53,(anonymous_2)
FN:93,(anonymous_3)
FN:120,(anonymous_4)
FNF:5
FNH:5
FNDA:3,(anonymous_0)
FNDA:4,(anonymous_1)
FNDA:9,(anonymous_2)
FNDA:4,(anonymous_3)
FNDA:4,(anonymous_4)
DA:3,3
DA:4,3
DA:5,3
DA:16,3
DA:20,2
DA:31,4
DA:37,4
DA:39,4
DA:41,2
DA:54,9
DA:60,9
DA:61,1
DA:63,8
DA:76,8
DA:78,8
DA:94,4
DA:96,3
DA:97,3
DA:99,3
DA:107,3
DA:108,3
DA:110,3
DA:112,2
DA:121,4
DA:127,4
DA:129,4
DA:134,3
LF:27
LH:27
BRDA:39,0,0,2
BRDA:39,0,1,2
BRDA:60,1,0,1
BRDA:60,1,1,8
BRDA:94,2,0,1
BRDA:94,2,1,3
BRDA:110,3,0,1
BRDA:110,3,1,2
BRDA:129,4,0,2
BRDA:129,4,1,2
BRF:10
BRH:10
end_of_record
TN:
SF:/Users/joel/curric/exercises/express-jobly/models/user.js
FN:22,(anonymous_0)
FN:57,(anonymous_1)
FNF:2
FNH:2
FNDA:6,(anonymous_0)
FNDA:11,(anonymous_1)
DA:3,3
DA:4,3
DA:8,3
DA:10,3
DA:24,6
DA:36,6
DA:38,6
DA:40,4
DA:41,4
DA:42,2
DA:43,2
DA:47,4
DA:59,11
DA:66,11
DA:67,1
DA:70,10
DA:72,10
DA:92,9
DA:94,9
DA:98,3
LF:20
LH:20
BRDA:38,0,0,4
BRDA:38,0,1,2
BRDA:41,1,0,2
BRDA:41,1,1,2
BRDA:66,2,0,1
BRDA:66,2,1,10
BRF:6
BRH:6
end_of_record
TN:
SF:/Users/joel/curric/exercises/express-jobly/routes/_testCommon.js
FN:8,commonBeforeAll
FN:47,commonBeforeEach
FN:51,commonAfterEach
FN:55,commonAfterAll
FNF:4
FNH:4
FNDA:2,commonBeforeAll
FNDA:23,commonBeforeEach
FNDA:23,commonAfterEach
FNDA:2,commonAfterAll
DA:3,2
DA:4,2
DA:5,2
DA:6,2
DA:10,2
DA:12,2
DA:14,2
DA:16,2
DA:18,2
DA:21,2
DA:29,2
DA:37,2
DA:48,23
DA:52,23
DA:56,2
DA:60,2
DA:62,2
LF:17
LH:17
BRF:0
BRH:0
end_of_record
TN:
SF:/Users/joel/curric/exercises/express-jobly/routes/auth.js
FN:22,(anonymous_0)
FN:26,(anonymous_1)
FN:49,(anonymous_2)
FN:53,(anonymous_3)
FNF:4
FNH:4
FNDA:5,(anonymous_0)
FNDA:2,(anonymous_1)
FNDA:3,(anonymous_2)
FNDA:5,(anonymous_3)
DA:5,2
DA:7,2
DA:8,2
DA:9,2
DA:10,2
DA:11,2
DA:12,2
DA:13,2
DA:22,2
DA:23,5
DA:24,5
DA:25,5
DA:26,2
DA:27,2
DA:30,3
DA:31,3
DA:32,1
DA:33,1
DA:35,4
DA:49,2
DA:50,3
DA:51,3
DA:52,3
DA:53,5
DA:54,2
DA:57,1
DA:58,1
DA:59,1
DA:61,2
DA:66,2
LF:30
LH:30
BRDA:25,0,0,2
BRDA:25,0,1,3
BRDA:52,1,0,2
BRDA:52,1,1,1
BRF:4
BRH:4
end_of_record
TN:
SF:/Users/joel/curric/exercises/express-jobly/routes/companies.js
FN:27,(anonymous_0)
FN:44,(anonymous_1)
FN:62,(anonymous_2)
FN:66,(anonymous_3)
FN:88,(anonymous_4)
FN:92,(anonymous_5)
FN:108,(anonymous_6)
FNF:7
FNH:7
FNDA:2,(anonymous_0)
FNDA:2,(anonymous_1)
FNDA:3,(anonymous_2)
FNDA:3,(anonymous_3)
FNDA:3,(anonymous_4)
FNDA:2,(anonymous_5)
FNDA:2,(anonymous_6)
DA:5,2
DA:6,2
DA:8,2
DA:9,2
DA:10,2
DA:12,2
DA:13,2
DA:15,2
DA:27,2
DA:28,2
DA:29,2
DA:30,1
DA:32,1
DA:44,2
DA:45,2
DA:46,2
DA:47,1
DA:49,1
DA:62,2
DA:63,3
DA:64,3
DA:65,3
DA:66,3
DA:67,2
DA:70,1
DA:71,1
DA:73,2
DA:88,2
DA:89,3
DA:90,3
DA:91,3
DA:92,2
DA:93,2
DA:96,1
DA:97,1
DA:99,2
DA:108,2
DA:109,2
DA:110,2
DA:111,1
DA:113,1
DA:118,2
LF:42
LH:42
BRDA:65,0,0,2
BRDA:65,0,1,1
BRDA:91,1,0,2
BRDA:91,1,1,1
BRF:4
BRH:4
end_of_record
TN:
SF:/Users/joel/curric/exercises/express-jobly/solution/app.js
FN:30,(anonymous_0)
FN:35,(anonymous_1)
FNF:2
FNH:2
FNDA:1,(anonymous_0)
FNDA:42,(anonymous_1)
DA:5,5
DA:7,5
DA:9,5
DA:10,5
DA:11,5
DA:12,5
DA:13,5
DA:15,5
DA:17,5
DA:19,5
DA:20,5
DA:21,5
DA:23,5
DA:24,5
DA:25,5
DA:26,5
DA:30,5
DA:31,1
DA:35,5
DA:36,42
DA:37,42
DA:38,42
DA:40,42
DA:45,5
LF:24
LH:24
BRDA:36,0,0,0
BRDA:36,0,1,42
BRDA:37,1,0,42
BRDA:37,1,1,1
BRF:4
BRH:3
end_of_record
TN:
SF:/Users/joel/curric/exercises/express-jobly/solution/helpers/sql.js
FN:19,sqlForPartialUpdate
FN:22,(anonymous_1)
FNF:2
FNH:2
FNDA:15,sqlForPartialUpdate
FNDA:16,(anonymous_1)
DA:21,15
DA:22,16
DA:24,15
DA:30,9
LF:4
LH:4
BRF:0
BRH:0
end_of_record
TN:
SF:/Users/joel/curric/exercises/express-jobly/solution/helpers/tokens.js
FN:6,createToken
FNF:1
FNH:1
FNDA:19,createToken
DA:1,6
DA:2,6
DA:7,19
DA:10,19
DA:15,19
DA:18,6
LF:6
LH:6
BRDA:12,0,0,19
BRDA:12,0,1,13
BRF:2
BRH:2
end_of_record
TN:
SF:/Users/joel/curric/exercises/express-jobly/solution/middleware/auth.js
FN:20,authenticateJWT
FN:41,_ensureLoggedIn
FN:48,ensureLoggedIn
FN:63,_ensureAdmin
FN:69,ensureAdmin
FN:84,_ensureCorrectUserOrAdmin
FN:90,ensureCorrectUserOrAdmin
FNF:7
FNH:7
FNDA:74,authenticateJWT
FNDA:5,_ensureLoggedIn
FNDA:3,ensureLoggedIn
FNDA:32,_ensureAdmin
FNDA:28,ensureAdmin
FNDA:21,_ensureCorrectUserOrAdmin
FNDA:18,ensureCorrectUserOrAdmin
DA:5,6
DA:6,6
DA:7,6
DA:21,74
DA:22,74
DA:24,74
DA:25,74
DA:26,73
DA:28,1
DA:29,1
DA:42,5
DA:49,3
DA:50,3
DA:51,2
DA:53,1
DA:64,32
DA:65,11
DA:70,28
DA:71,28
DA:72,20
DA:74,8
DA:85,21
DA:86,21
DA:87,6
DA:91,18
DA:92,18
DA:93,13
DA:95,5
DA:100,6
LF:29
LH:29
BRDA:25,0,0,48
BRDA:25,0,1,26
BRDA:42,1,0,2
BRDA:42,1,1,3
BRDA:64,2,0,11
BRDA:64,2,1,21
BRDA:64,3,0,32
BRDA:64,3,1,29
BRDA:86,4,0,6
BRDA:86,4,1,15
BRDA:86,5,0,21
BRDA:86,5,1,20
BRDA:86,5,2,11
BRF:13
BRH:13
end_of_record
TN:
SF:/Users/joel/curric/exercises/express-jobly/solution/models/_testCommon.js
FN:8,commonBeforeAll
FN:29,(anonymous_1)
FN:53,commonBeforeEach
FN:57,commonAfterEach
FN:61,commonAfterAll
FNF:5
FNH:5
FNDA:3,commonBeforeAll
FNDA:12,(anonymous_1)
FNDA:49,commonBeforeEach
FNDA:49,commonAfterEach
FNDA:3,commonAfterAll
DA:1,3
DA:3,3
DA:4,3
DA:6,3
DA:10,3
DA:12,3
DA:14,3
DA:21,3
DA:29,12
DA:31,3
DA:36,3
DA:47,3
DA:54,49
DA:58,49
DA:62,3
DA:66,3
LF:16
LH:16
BRF:0
BRH:0
end_of_record
TN:
SF:/Users/joel/curric/exercises/express-jobly/solution/models/company.js
FN:20,(anonymous_0)
FN:69,(anonymous_1)
FN:102,(anonymous_2)
FN:143,(anonymous_3)
FN:170,(anonymous_4)
FNF:5
FNH:5
FNDA:9,(anonymous_0)
FNDA:5,(anonymous_1)
FNDA:15,(anonymous_2)
FNDA:4,(anonymous_3)
FNDA:4,(anonymous_4)
DA:3,6
DA:4,6
DA:5,6
DA:21,9
DA:23,9
DA:24,9
DA:26,9
DA:28,9
DA:29,1
DA:35,8
DA:36,4
DA:37,4
DA:40,8
DA:41,2
DA:42,2
DA:45,8
DA:46,2
DA:47,2
DA:50,8
DA:51,6
DA:56,8
DA:57,8
DA:58,8
DA:70,5
DA:76,5
DA:78,5
DA:80,3
DA:88,3
DA:90,3
DA:103,15
DA:109,15
DA:110,1
DA:112,14
DA:126,14
DA:128,14
DA:144,4
DA:146,3
DA:147,3
DA:149,3
DA:157,3
DA:158,3
DA:160,3
DA:162,2
DA:171,4
DA:177,4
DA:179,4
DA:184,6
LF:47
LH:47
BRDA:20,0,0,1
BRDA:28,1,0,1
BRDA:28,1,1,8
BRDA:35,2,0,4
BRDA:35,2,1,4
BRDA:40,3,0,2
BRDA:40,3,1,6
BRDA:45,4,0,2
BRDA:45,4,1,6
BRDA:50,5,0,6
BRDA:50,5,1,2
BRDA:78,6,0,2
BRDA:78,6,1,3
BRDA:109,7,0,1
BRDA:109,7,1,14
BRDA:144,8,0,1
BRDA:144,8,1,3
BRDA:160,9,0,1
BRDA:160,9,1,2
BRDA:179,10,0,2
BRDA:179,10,1,2
BRF:21
BRH:21
end_of_record
TN:
SF:/Users/joel/curric/exercises/express-jobly/solution/models/job.js
FN:21,(anonymous_0)
FN:62,(anonymous_1)
FN:90,(anonymous_2)
FN:113,(anonymous_3)
FN:140,(anonymous_4)
FNF:5
FNH:5
FNDA:8,(anonymous_0)
FNDA:4,(anonymous_1)
FNDA:14,(anonymous_2)
FNDA:5,(anonymous_3)
FNDA:4,(anonymous_4)
DA:3,6
DA:4,6
DA:5,6
DA:22,8
DA:23,8
DA:24,8
DA:29,8
DA:30,3
DA:31,3
DA:34,8
DA:35,3
DA:38,8
DA:39,2
DA:40,2
DA:43,8
DA:44,6
DA:49,8
DA:50,8
DA:51,8
DA:63,4
DA:68,4
DA:70,4
DA:72,2
DA:77,2
DA:78,2
DA:80,2
DA:91,14
DA:96,14
DA:98,14
DA:114,5
DA:116,4
DA:117,4
DA:119,4
DA:127,4
DA:128,3
DA:130,3
DA:132,2
DA:141,4
DA:146,3
DA:148,3
DA:152,6
LF:41
LH:41
BRDA:21,0,0,1
BRDA:29,1,0,3
BRDA:29,1,1,5
BRDA:34,2,0,3
BRDA:34,2,1,5
BRDA:38,3,0,2
BRDA:38,3,1,6
BRDA:43,4,0,6
BRDA:43,4,1,2
BRDA:70,5,0,2
BRDA:70,5,1,2
BRDA:114,6,0,1
BRDA:114,6,1,4
BRDA:130,7,0,1
BRDA:130,7,1,2
BRDA:148,8,0,1
BRDA:148,8,1,2
BRF:17
BRH:17
end_of_record
TN:
SF:/Users/joel/curric/exercises/express-jobly/solution/models/user.js
FN:24,(anonymous_0)
FN:59,(anonymous_1)
FN:104,(anonymous_2)
FN:122,(anonymous_3)
FN:166,(anonymous_4)
FN:195,(anonymous_5)
FN:214,(anonymous_6)
FNF:7
FNH:7
FNDA:7,(anonymous_0)
FNDA:19,(anonymous_1)
FNDA:3,(anonymous_2)
FNDA:5,(anonymous_3)
FNDA:7,(anonymous_4)
FNDA:5,(anonymous_5)
FNDA:16,(anonymous_6)
DA:3,6
DA:4,6
DA:5,6
DA:10,6
DA:12,6
DA:26,7
DA:38,7
DA:40,7
DA:42,5
DA:43,5
DA:44,3
DA:45,3
DA:49,4
DA:61,19
DA:68,19
DA:69,1
DA:72,18
DA:74,18
DA:94,17
DA:96,17
DA:105,3
DA:111,2
DA:123,5
DA:130,5
DA:132,5
DA:134,3
DA:145,3
DA:146,3
DA:167,7
DA:169,6
DA:170,1
DA:173,6
DA:174,6
DA:176,6
DA:184,6
DA:185,5
DA:187,5
DA:189,4
DA:190,4
DA:196,5
DA:203,5
DA:205,5
DA:215,16
DA:219,16
DA:221,16
DA:223,14
DA:228,13
DA:230,13
DA:234,6
LF:49
LH:49
BRDA:40,0,0,5
BRDA:40,0,1,2
BRDA:43,1,0,3
BRDA:43,1,1,2
BRDA:68,2,0,1
BRDA:68,2,1,18
BRDA:132,3,0,2
BRDA:132,3,1,3
BRDA:167,4,0,1
BRDA:167,4,1,6
BRDA:169,5,0,1
BRDA:169,5,1,5
BRDA:187,6,0,1
BRDA:187,6,1,4
BRDA:205,7,0,2
BRDA:205,7,1,3
BRDA:221,8,0,2
BRDA:221,8,1,14
BRF:18
BRH:18
end_of_record
TN:
SF:/Users/joel/curric/exercises/express-jobly/solution/routes/_testCommon.js
FN:11,commonBeforeAll
FN:60,commonBeforeEach
FN:64,commonAfterEach
FN:68,commonAfterAll
FNF:4
FNH:4
FNDA:4,commonBeforeAll
FNDA:70,commonBeforeEach
FNDA:70,commonAfterEach
FNDA:4,commonAfterAll
DA:3,4
DA:4,4
DA:5,4
DA:6,4
DA:7,4
DA:9,4
DA:13,4
DA:15,4
DA:17,4
DA:19,4
DA:21,4
DA:24,4
DA:26,4
DA:28,4
DA:31,4
DA:39,4
DA:47,4
DA:56,4
DA:57,4
DA:61,70
DA:65,70
DA:69,4
DA:73,4
DA:74,4
DA:75,4
DA:77,4
LF:26
LH:26
BRF:0
BRH:0
end_of_record
TN:
SF:/Users/joel/curric/exercises/express-jobly/solution/routes/auth.js
FN:22,(anonymous_0)
FN:26,(anonymous_1)
FN:49,(anonymous_2)
FN:53,(anonymous_3)
FNF:4
FNH:4
FNDA:5,(anonymous_0)
FNDA:2,(anonymous_1)
FNDA:3,(anonymous_2)
FNDA:5,(anonymous_3)
DA:5,5
DA:7,5
DA:8,5
DA:9,5
DA:10,5
DA:11,5
DA:12,5
DA:13,5
DA:22,5
DA:23,5
DA:24,5
DA:25,5
DA:26,2
DA:27,2
DA:30,3
DA:31,3
DA:32,1
DA:33,1
DA:35,4
DA:49,5
DA:50,3
DA:51,3
DA:52,3
DA:53,5
DA:54,2
DA:57,1
DA:58,1
DA:59,1
DA:61,2
DA:66,5
LF:30
LH:30
BRDA:25,0,0,2
BRDA:25,0,1,3
BRDA:52,1,0,2
BRDA:52,1,1,1
BRF:4
BRH:4
end_of_record
TN:
SF:/Users/joel/curric/exercises/express-jobly/solution/routes/companies.js
FN:28,(anonymous_0)
FN:32,(anonymous_1)
FN:51,(anonymous_2)
FN:69,(anonymous_3)
FN:73,(anonymous_4)
FN:95,(anonymous_5)
FN:99,(anonymous_6)
FN:115,(anonymous_7)
FNF:8
FNH:8
FNDA:4,(anonymous_0)
FNDA:1,(anonymous_1)
FNDA:3,(anonymous_2)
FNDA:3,(anonymous_3)
FNDA:3,(anonymous_4)
FNDA:3,(anonymous_5)
FNDA:2,(anonymous_6)
FNDA:2,(anonymous_7)
DA:5,5
DA:6,5
DA:8,5
DA:9,5
DA:10,5
DA:12,5
DA:13,5
DA:14,5
DA:16,5
DA:28,5
DA:29,4
DA:30,4
DA:31,4
DA:32,1
DA:33,1
DA:36,3
DA:37,3
DA:39,1
DA:51,5
DA:52,3
DA:53,3
DA:54,2
DA:56,1
DA:69,5
DA:70,3
DA:71,3
DA:72,3
DA:73,3
DA:74,2
DA:77,1
DA:78,1
DA:80,2
DA:95,5
DA:96,3
DA:97,3
DA:98,3
DA:99,2
DA:100,2
DA:103,1
DA:104,1
DA:106,2
DA:115,5
DA:116,2
DA:117,2
DA:118,1
DA:120,1
DA:125,5
LF:47
LH:47
BRDA:31,0,0,1
BRDA:31,0,1,3
BRDA:72,1,0,2
BRDA:72,1,1,1
BRDA:98,2,0,2
BRDA:98,2,1,1
BRF:6
BRH:6
end_of_record
TN:
SF:/Users/joel/curric/exercises/express-jobly/solution/routes/jobs.js
FN:27,(anonymous_0)
FN:31,(anonymous_1)
FN:50,(anonymous_2)
FN:68,(anonymous_3)
FN:72,(anonymous_4)
FN:92,(anonymous_5)
FN:96,(anonymous_6)
FN:112,(anonymous_7)
FNF:8
FNH:8
FNDA:4,(anonymous_0)
FNDA:1,(anonymous_1)
FNDA:2,(anonymous_2)
FNDA:3,(anonymous_3)
FNDA:2,(anonymous_4)
FNDA:3,(anonymous_5)
FNDA:4,(anonymous_6)
FNDA:2,(anonymous_7)
DA:5,5
DA:7,5
DA:8,5
DA:9,5
DA:10,5
DA:11,5
DA:12,5
DA:13,5
DA:15,5
DA:27,5
DA:28,4
DA:29,4
DA:30,4
DA:31,1
DA:32,1
DA:35,3
DA:36,3
DA:38,1
DA:50,5
DA:51,2
DA:52,2
DA:53,1
DA:55,1
DA:68,5
DA:69,3
DA:70,3
DA:71,3
DA:72,2
DA:73,2
DA:76,1
DA:77,1
DA:79,2
DA:92,5
DA:93,3
DA:94,3
DA:95,3
DA:96,4
DA:97,2
DA:100,1
DA:101,1
DA:103,2
DA:112,5
DA:113,2
DA:114,2
DA:115,1
DA:117,1
DA:122,5
LF:47
LH:47
BRDA:30,0,0,1
BRDA:30,0,1,3
BRDA:71,1,0,2
BRDA:71,1,1,1
BRDA:95,2,0,2
BRDA:95,2,1,1
BRF:6
BRH:6
end_of_record
TN:
SF:/Users/joel/curric/exercises/express-jobly/solution/routes/users.js
FN:30,(anonymous_0)
FN:34,(anonymous_1)
FN:54,(anonymous_2)
FN:72,(anonymous_3)
FN:92,(anonymous_4)
FN:96,(anonymous_5)
FN:113,(anonymous_6)
FN:130,(anonymous_7)
FNF:8
FNH:8
FNDA:4,(anonymous_0)
FNDA:5,(anonymous_1)
FNDA:2,(anonymous_2)
FNDA:3,(anonymous_3)
FNDA:4,(anonymous_4)
FNDA:1,(anonymous_5)
FNDA:3,(anonymous_6)
FNDA:3,(anonymous_7)
DA:5,5
DA:7,5
DA:8,5
DA:9,5
DA:10,5
DA:11,5
DA:12,5
DA:13,5
DA:15,5
DA:30,5
DA:31,4
DA:32,4
DA:33,4
DA:34,5
DA:35,2
DA:38,2
DA:39,2
DA:40,2
DA:42,2
DA:54,5
DA:55,2
DA:56,2
DA:57,1
DA:59,1
DA:72,5
DA:73,3
DA:74,3
DA:75,2
DA:77,1
DA:92,5
DA:93,4
DA:94,4
DA:95,4
DA:96,1
DA:97,1
DA:100,3
DA:101,3
DA:103,1
DA:113,5
DA:114,3
DA:115,3
DA:116,2
DA:118,1
DA:130,5
DA:131,3
DA:132,3
DA:133,3
DA:135,2
DA:137,1
DA:142,5
LF:50
LH:50
BRDA:33,0,0,2
BRDA:33,0,1,2
BRDA:95,1,0,1
BRDA:95,1,1,3
BRF:4
BRH:4
end_of_record
